1 3
1 1
1 6
1 5
2 6
1 4
2 5
2 5
1 2
8 36
8 36
8 36
8 36
8 36
8 36
8 36
8 36
1 74
1 7
1 82
1 33
1 93
1 38
1 4
2 122
1 76
1 37
3 95
1 34
1 27
8 396
2 92
1 68
1 83
14 763
5 247
19 1050
2 57
1 7
6 115
9 452
2 120
2 183
22 1246
2 57
25 1351
1 96
10 530
10 530
2 143
2 68
25 1423
2 75
1 15
1 84
1 7
1 95
1 99
1 109
1 21
1 23
1 80
3 221
1 14
1 91
6 348
1 12
1 21
2 77
2 151
1 50
1 11
2 94
1 96
1 12
1 75
6 348
1 25
7 468
7 468
2 94
2 85
2 85
6 348
3 30
1 23
1 94
3 177
2 90
2 138
14 632
4 199
1 99
1 82
9 615
4 132
21 1353
1 25
25 1078
3 301
4 75
25 1078
3 219
3 239
6 402
1 63
2 141
1 55
2 338
1 183
1 72
1 55
2 338
1 75
1 57
1 105
1 46
1 54
1 53
2 185
1 147
1 152
1 38
1 118
2 200
1 94
2 355
1 186
1 9
3 352
1 112
1 115
1 12
9 1103
1 24
1 69
1 126
2 370
2 217
2 67
3 269
1 116
2 226
1 71
4 394
2 214
4 340
2 233
1 113
1 79
1 129
1 54
1 76
1 5
1 64
1 4
3 184
2 237
1 116
1 65
1 25
2 153
1 127
1 32
1 51
2 191
1 36
1 50
1 32
2 170
1 105
3 315
1 102
1 127
3 315
2 181
5 363
2 108
2 108
3 257
4 285
5 577
3 315
1 50
3 219
1 134
4 321
6 712
1 58
1 65
1 119
1 60
1 101
1 132
1 57
1 18
1 14
1 75
1 74
1 132
1 140
2 148
1 93
1 18
1 126
1 93
1 66
1 115
1 26
1 23
2 198
1 117
3 373
1 44
1 60
2 27
1 52
1 116
2 85
1 54
2 235
5 272
1 121
2 21
2 186
1 121
1 14
2 192
2 135
1 26
1 109
1 22
1 106
2 148
3 132
2 23
4 65
2 26
1 28
2 26
2 36
1 16
4 48
2 26
4 65
11 158
4 65
1 21
14 178
8 144
5 64
5 64
7 118
1 25
14 178
7 118
14 178
9 162
10 187
10 187
19 271
30 465
30 465
30 465
30 465
30 465
1 48
1 40
1 46
1 25
2 69
2 49
1 28
2 57
2 17
3 96
1 48
5 78
2 23
2 17
11 414
11 408
2 36
1 20
21 669
21 669
21 669
23 662
1 15
25 739
25 739
46 1399
51 1518
51 1518
52 1551
52 1551
52 1551
52 1551
52 1551
52 1551
52 1551
1 16
52 1551
52 1551
1 41
52 1551
52 1551
52 1551
1 33
1 177
2 122
1 103
1 34
1 166
2 258
2 128
2 51
1 172
3 205
1 117
1 18
1 40
1 83
1 114
1 149
1 67
1 104
1 170
1 10
3 354
1 15
1 43
1 174
1 135
1 79
1 174
1 10
1 85
1 6
1 155
4 337
1 121
3 265
3 265
3 492
5 370
1 55
1 81
2 125
5 370
2 369
2 125
1 5
1 36
2 68
1 10
2 33
2 68
1 16
3 103
3 27
1 10
3 27
1 40
1 4
1 27
3 79
1 38
3 79
3 99
2 33
1 25
3 79
2 78
4 62
5 146
1 34
4 62
7 167
1 30
2 21
5 153
2 21
1 138
1 64
2 182
1 155
1 152
1 14
1 153
3 251
1 143
1 57
1 18
1 60
1 100
2 269
1 35
1 72
1 117
1 138
1 135
1 61
1 16
1 102
1 49
1 169
1 61
2 108
1 52
1 53
6 501
1 20
1 157
1 5
1 114
4 495
1 82
2 288
2 288
3 252
2 135
1 63
2 254
1 61
2 145
1 110
1 128
2 223
8 734
1 174
1 58
1 99
1 62
3 476
12 962
2 356
1 155
1 45
1 116
1 24
1 10
2 28
1 84
2 59
1 64
1 34
1 125
1 100
3 176
1 1
1 48
1 122
2 88
2 160
1 45
1 53
2 37
1 62
3 205
1 3
1 45
2 154
1 120
1 83
3 73
1 12
1 93
1 46
1 71
5 382
2 105
1 53
6 229
1 42
2 218
2 230
2 160
5 222
7 493
2 167
2 160
2 218
1 12
1 63
1 65
1 52
1 84
1 52
1 5
1 25
1 49
1 15
1 59
1 9
1 72
1 61
2 58
2 100
1 71
1 67
1 46
1 16
1 64
2 169
2 48
1 73
1 24
1 67
3 52
1 85
3 80
2 100
2 86
1 67
2 56
2 38
2 38
1 11
1 13
2 32
2 45
1 23
6 102
6 102
2 38
3 50
3 37
7 129
6 95
2 44
2 68
26 459
26 459
26 459
26 459
2 44
26 459
29 562
35 657
35 657
35 657
1 12
2 23
2 73
2 49
2 73
4 67
1 27
2 60
5 65
12 279
5 65
5 65
1 87
1 134
1 146
1 31
1 121
1 142
2 147
1 48
1 36
1 19
1 61
1 2
1 61
4 274
1 34
4 274
2 136
1 13
1 64
2 206
1 61
1 63
1 98
2 247
2 137
3 206
1 107
2 84
2 89
2 154
2 27
1 115
2 67
2 211
2 176
5 307
7 597
4 382
8 447
2 89
2 166
14 1053
16 1215
10 579
1 40
3 173
1 21
2 79
6 475
1 120
12 989
4 267
12 826
12 989
12 989
6 453
4 201
1 49
1 26
1 73
2 107
1 61
1 72
1 55
1 28
1 51
2 70
3 50
2 107
1 11
2 105
1 21
1 68
3 172
3 171
8 405
8 371
6 254
2 68
2 81
1 65
6 208
9 483
2 81
3 168
1 24
2 90
2 81
44 1767
47 1836
2 81
1 119
1 76
1 102
1 131
1 17
1 85
1 99
2 182
2 185
1 87
1 19
1 42
2 134
1 100
2 245
1 144
1 16
1 91
2 173
1 109
1 76
1 83
1 110
2 208
1 142
1 92
2 173
1 73
1 93
2 221
2 62
2 168
5 242
2 183
1 8
2 134
2 78
4 141
2 231
1 76
5 261
1 124
1 90
5 191
2 169
2 156
1 103
1 115
1 147
1 31
1 4
1 8
6 92
1 7
1 7
2 54
2 14
5 83
1 14
4 82
13 219
2 52
1 8
1 9
3 59
2 39
11 211
24 424
28 533
28 533
1 89
2 149
1 66
1 3
1 92
1 74
2 94
1 90
3 204
1 90
3 204
8 403
2 168
8 403
1 59
6 321
1 84
2 50
2 168
2 88
1 63
2 113
1 74
2 76
9 496
6 321
1 74
1 3
1 89
6 304
4 235
1 87
1 45
2 79
2 102
6 321
1 74
1 24
1 5
1 8
3 51
1 31
1 35
1 30
3 65
9 154
3 61
7 140
7 140
6 114
1 35
23 432
1 35
2 67
22 400
22 400
3 61
25 461
29 514
29 514
29 514
1 32
34 629
35 630
35 630
35 630
35 630
35 630
35 630
35 630
35 630
35 630
35 630
35 630
35 630
35 630
35 630
35 630
35 630
35 630
35 630
35 630
35 630
35 630
35 630
35 630
35 630
35 630
35 630
35 630
35 630
35 630
35 630
1 95
1 74
1 56
1 60
3 378
1 43
1 27
1 139
1 114
3 200
1 134
1 38
2 209
2 239
1 39
1 124
1 84
1 19
1 79
1 119
2 104
2 136
1 114
2 241
2 104
2 220
1 126
2 160
1 22
1 120
1 8
3 308
11 1099
6 526
2 183
11 1099
1 146
1 176
2 117
2 337
1 137
6 526
1 11
2 172
1 98
4 388
1 165
2 206
6 540
1 112
1 31
1 93
1 37
1 79
1 21
1 128
2 126
2 87
2 87
2 126
1 10
2 125
3 264
2 169
3 341
3 264
3 341
2 187
2 139
2 87
1 45
3 96
3 174
2 146
4 360
2 176
7 557
2 139
1 45
4 360
3 111
1 126
1 1
3 271
3 341
1 108
1 69
4 418
2 61
2 165
1 21
2 64
4 165
3 278
8 680
4 295
1 15
1 75
1 36
1 74
1 9
1 107
1 47
1 82
1 2
3 196
6 205
1 75
2 90
2 197
1 112
2 40
1 86
2 70
1 77
1 90
2 115
1 5
2 78
18 762
2 115
2 70
1 2
1 111
2 162
4 224
2 168
19 868
4 224
1 17
1 7
1 78
18 943
1 2
2 184
2 129
2 40
4 207
40 2354
1 10
1 103
43 2482
1 103
44 2575
44 2575
2 184
55 3233
2 116
1 108
1 54
1 130
1 132
1 33
1 22
1 110
1 13
1 37
1 45
1 133
2 234
1 80
2 124
2 165
1 112
2 147
2 102
1 12
1 65
2 136
3 367
1 65
1 14
1 6
1 81
4 332
3 196
2 7
1 31
1 82
4 332
1 27
2 81
1 24
1 95
1 85
1 12
2 7
2 158
1 71
2 59
2 77
2 77
1 50
1 50
1 17
1 50
2 59
1 41
2 77
3 119
1 29
1 1
1 61
1 12
1 40
6 215
2 22
3 119
9 376
11 440
2 82
1 14
1 9
1 12
1 3
4 43
4 43
2 12
2 12
1 9
1 5
2 17
2 16
2 17
2 22
6 42
3 27
5 37
13 109
12 102
12 102
12 102
1 10
2 8
1 63
1 84
1 48
3 158
1 53
1 29
1 86
1 9
1 111
1 28
1 63
1 2
1 89
1 65
1 53
1 20
1 31
1 28
2 48
1 114
4 328
2 101
3 158
1 45
2 118
1 55
2 121
1 51
2 133
2 146
1 67
1 25
1 84
4 273
6 430
2 120
1 84
7 215
7 215
3 201
5 243
2 26
1 11
1 92
7 304
1 83
1 10
2 201
2 97
1 65
2 48
6 347
1 3
1 115
2 97
10 728
2 110
1 75
1 114
10 479
1 33
1 43
1 13
1 98
1 29
1 149
1 81
1 33
2 113
1 130
2 290
2 233
1 28
1 15
1 15
2 165
1 62
2 23
1 16
2 113
1 88
1 123
1 112
1 38
1 20
1 24
2 109
4 136
1 30
3 83
1 39
1 134
1 54
1 117
2 148
1 36
1 2
1 113
1 61
3 294
1 117
1 39
1 41
2 152
1 103
1 132
2 184
1 14
1 19
1 19
2 35
2 14
9 116
8 102
3 27
18 204
1 14
19 207
19 207
19 207
19 207
19 207
19 207
19 207
19 207
19 207
19 207
19 207
19 207
19 207
19 207
19 207
19 207
19 207
19 207
19 207
19 207
19 207
19 207
19 207
20 217
1 14
20 217
20 217
20 217
20 217
20 217
20 217
20 217
21 231
21 231
21 231
1 8
2 12
3 24
6 42
6 42
7 44
10 61
9 58
11 66
11 66
11 66
11 66
11 66
11 66
11 66
11 66
11 66
11 66
11 66
11 66
11 66
11 66
11 66
11 66
11 66
11 66
11 66
11 66
11 66
11 66
11 66
11 66
11 66
11 66
11 66
11 66
11 66
11 66
11 66
11 66
11 66
11 66
11 66
11 66
11 66
11 66
11 66
11 66
11 66
11 66
11 66
11 66
11 66
11 66
11 66
11 66
1 14
1 6
1 35
1 50
1 3
1 44
2 54
1 31
6 207
2 147
1 22
1 70
2 54
2 88
1 15
1 21
1 48
1 29
1 48
1 28
1 1
1 28
1 12
2 99
1 41
2 22
1 21
1 30
1 31
1 25
1 17
1 52
7 246
1 13
8 291
1 31
2 18
3 43
1 29
13 401
13 401
1 8
1 35
7 217
7 217
2 90
34 960
1 29
35 962
35 962
36 973
1 8
36 973
3 69
2 19
1 35
3 69
34 953
34 953
35 1002
35 1002
39 1082
5 137
39 1050
39 1050
5 137
42 1137
42 1137
41 1092
41 1092
47 1274
48 1309
48 1309
48 1309
47 1268
47 1268
47 1268
47 1268
47 1268
3 131
44 1180
45 1223
45 1223
45 1223
45 1223
1 1
2 3
1 3
3 6
3 6
3 6
3 6
3 6
3 6
3 6
3 6
3 6
3 6
3 6
3 6
3 6
3 6
3 6
3 6
3 6
3 6
3 6
3 6
3 6
3 6
3 6
3 6
3 6
3 6
3 6
3 6
3 6
3 6
3 6
3 6
3 6
3 6
3 6
3 6
3 6
3 6
3 6
3 6
3 6
3 6
3 6
3 6
3 6
3 6
3 6
3 6
3 6
3 6
3 6
3 6
1 117
1 11
1 55
1 69
1 74
1 88
1 29
1 13
1 70
1 5
1 24
1 79
1 31
2 247
1 25
1 33
1 33
1 49
1 20
1 38
1 18
1 50
1 6
1 84
1 98
2 158
1 31
1 140
1 14
1 70
1 13
1 13
1 95
1 156
1 145
1 123
3 295
2 268
1 155
1 94
1 92
1 60
1 84
4 444
2 143
1 47
7 640
1 82
1 1
5 223
1 86
1 135
1 150
1 147
1 45
1 191
1 11
2 147
10 944
1 3
5 223
10 944
2 359
1 6
2 139
1 146
10 974
10 974
1 27
1 167
1 158
1 162
4 381
1 3
1 188
4 234
15 1568
1 49
1 151
10 974
15 1568
1 115
2 168
7 550
2 158
11 1239
1 57
1 167
1 38
19 1899
1 93
9 929
9 929
1 44
1 7
1 58
2 99
1 59
1 26
1 49
1 18
2 68
1 35
1 31
1 17
1 25
1 41
1 35
2 36
1 61
1 56
1 26
1 49
1 25
2 84
3 49
21 742
23 767
1 19
1 13
3 115
25 889
3 115
3 123
1 23
1 47
1 19
3 123
32 1174
3 123
1 33
34 1221
34 1221
35 1235
1 8
35 1235
1 48
2 84
1 19
3 123
41 1396
43 1513
43 1513
41 1459
41 1459
1 7
43 1483
44 1536
44 1536
44 1536
1 19
46 1586
46 1586
46 1586
46 1586
46 1586
47 1613
50 1736
52 1793
2 19
1 144
1 12
1 194
1 113
2 197
1 179
2 197
1 15
1 17
1 17
1 6
2 17
3 30
4 56
3 27
2 31
3 27
9 116
3 30
3 30
3 27
11 141
10 134
10 137
3 33
21 256
21 256
21 256
20 246
23 276
23 276
23 276
23 276
23 276
23 276
1 47
1 26
2 55
1 22
1 60
2 33
1 6
1 26
2 85
2 85
6 278
3 89
3 89
1 64
1 17
1 13
2 50
8 346
1 28
2 50
1 64
1 51
1 8
1 33
3 87
1 8
9 365
9 365
1 6
7 304
1 51
6 261
4 124
1 36
1 34
27 973
26 950
2 55
27 1011
2 55
42 1607
42 1607
48 1823
1 54
1 61
1 57
1 4
1 46
2 107
1 116
2 145
1 113
1 121
2 244
1 151
1 73
1 125
2 134
1 3
2 224
2 60
2 142
1 171
1 101
1 15
3 399
6 416
2 156
2 141
5 329
1 9
1 159
2 100
1 58
4 275
2 232
3 329
2 122
3 382
2 295
2 97
2 244
1 127
1 16
1 20
1 6
2 32
1 5
3 36
3 13
2 31
4 37
5 69
2 32
2 32
16 161
19 202
20 210
20 210
20 210
20 210
20 210
20 210
20 210
20 210
20 210
20 210
20 210
20 210
20 210
20 210
20 210
20 210
20 210
20 210
20 210
20 210
20 210
20 210
20 210
20 210
20 210
20 210
20 210
20 210
20 210
20 210
20 210
20 210
20 210
20 210
20 210
20 210
20 210
1 41
1 56
1 10
1 7
2 63
1 30
1 15
1 28
1 29
1 1
1 27
1 39
1 47
1 18
3 84
5 125
1 8
1 40
1 34
1 20
1 4
1 24
1 15
1 21
1 12
1 9
1 12
4 34
2 33
11 115
5 93
6 110
12 129
1 15
1 30
2 58
1 2
3 199
1 61
1 18
1 45
1 15
2 54
1 17
2 15
1 13
5 166
5 166
2 114
8 278
12 536
9 309
4 73
1 69
2 72
17 832
1 25
2 92
3 138
2 92
19 946
23 795
21 1014
21 1014
2 92
1 2
24 1097
1 43
3 111
2 80
24 1097
25 1174
33 1411
1 46
1 50
3 111
60 2405
61 2448
62 2521
62 2521
61 2498
1 34
62 2515
62 2515
3 111
1 129
1 27
2 147
2 137
1 196
1 107
1 49
2 266
1 56
1 98
1 1
1 81
1 81
1 80
2 128
1 71
1 123
1 80
3 337
1 165
1 104
1 187
1 154
1 37
1 58
1 25
3 384
2 205
2 157
1 1
1 108
2 266
2 201
2 345
1 86
3 203
1 54
1 133
1 180
1 101
1 172
1 106
1 35
1 28
1 31
2 48
1 50
5 187
1 57
1 29
1 34
1 40
3 66
2 71
1 10
1 48
1 38
1 11
2 71
1 60
1 52
1 76
1 47
1 42
3 151
1 13
1 9
2 107
3 104
3 140
1 71
1 64
2 143
2 87
2 109
1 22
1 40
3 153
1 64
1 34
3 127
1 49
1 65
1 31
1 9
1 44
1 88
1 96
2 63
1 45
1 51
3 233
4 222
3 233
2 118
2 94
4 324
3 116
1 7
4 222
1 64
6 340
2 172
7 413
4 236
1 26
11 646
13 818
14 887
2 164
14 887
2 62
5 334
2 122
5 334
17 890
5 406
7 350
15 690
1 68
1 8
16 854
23 1204
5 406
3 182
24 1241
24 1261
15 690
24 1261
15 690
8 480
26 1348
15 690
1 72
8 480
26 1327
5 92
6 506
25 1267
10 724
16 1137
1 98
1 123
1 63
1 81
1 62
2 185
1 70
1 63
2 53
1 51
2 164
1 44
2 45
2 188
1 49
2 109
1 113
1 8
5 274
2 125
1 9
8 516
3 197
1 64
8 516
2 152
8 516
1 95
1 111
1 80
1 69
2 90
2 63
1 99
3 228
1 2
4 434
1 55
1 93
5 289
13 821
13 821
4 266
14 915
9 562
1 81
1 10
1 130
1 15
1 55
1 90
1 139
1 11
2 184
2 277
1 87
1 140
1 23
1 157
1 39
1 29
2 167
1 64
2 250
1 103
1 127
1 91
1 69
2 104
2 228
2 167
1 83
1 161
1 39
3 383
1 9
1 42
2 179
1 102
1 158
1 157
2 222
1 148
1 132
2 73
1 15
1 80
2 175
1 33
1 188
1 177
1 93
1 93
1 152
1 10
1 21
1 36
1 32
4 91
4 91
1 34
1 4
5 110
1 3
4 76
1 25
3 56
1 3
4 76
4 66
1 2
5 105
1 2
4 62
9 227
1 26
1 26
1 2
1 3
1 25
19 416
31 616
1 2
31 616
1 25
32 621
32 621
32 621
1 136
1 30
1 89
1 164
1 129
1 28
1 74
2 166
1 78
1 108
4 460
1 123
1 124
1 13
1 16
1 14
1 18
1 8
3 34
2 6
2 16
5 60
1 3
1 3
6 64
6 61
1 8
6 64
2 15
8 85
6 59
2 15
7 88
6 59
13 147
16 156
16 156
16 156
2 15
17 161
17 161
18 171
18 171
18 171
18 171
18 171
18 171
18 171
18 171
18 171
18 171
18 171
18 171
18 171
1 28
1 20
1 21
1 34
1 25
1 27
1 16
1 16
5 80
5 80
2 23
1 4
5 101
1 14
5 101
1 19
5 101
5 101
17 269
17 269
21 354
20 338
2 35
23 400
3 58
2 47
25 452
25 452
25 452
6 106
6 106
27 517
27 517
6 106
27 517
31 595
36 688
36 688
36 688
36 688
36 688
36 688
36 688
36 688
36 688
2 6
1 8
1 8
8 36
8 36
8 36
8 36
8 36
8 36
8 36
8 36
8 36
8 36
8 36
8 36
8 36
8 36
8 36
8 36
8 36
8 36
8 36
8 36
8 36
8 36
8 36
8 36
8 36
8 36
8 36
8 36
8 36
8 36
8 36
8 36
8 36
8 36
8 36
8 36
1 19
1 12
4 32
2 23
2 23
6 72
6 72
7 91
2 20
7 91
1 4
7 91
2 20
7 91
3 37
13 181
6 56
13 181
1 4
19 237
19 237
20 241
1 10
21 251
22 253
1 4
1 109
1 126
1 81
1 140
1 46
1 103
2 87
2 187
3 163
1 5
1 110
1 89
1 4
1 21
1 129
1 37
1 46
2 187
1 69
1 28
1 37
1 76
1 160
3 219
1 26
2 67
2 47
3 159
1 110
1 102
2 59
6 695
4 311
1 10
1 79
6 453
2 194
1 79
2 149
3 159
2 149
8 686
3 266
7 848
2 149
1 131
6 381
2 142
1 32
1 134
1 77
2 222
1 9
1 130
9 578
5 495
8 686
10 464
2 197
9 578
2 187
4 304
2 223
2 136
8 712
5 444
2 135
1 105
12 1211
12 887
1 85
1 149
1 24
1 90
1 128
1 18
1 109
2 149
1 116
2 274
2 200
2 98
1 20
1 11
1 22
2 21
1 9
4 54
4 54
2 34
1 22
10 103
16 178
3 42
16 178
3 49
18 220
18 220
18 220
24 300
24 300
24 300
24 300
24 300
24 300
24 300
24 300
24 300
1 99
1 75
1 108
1 93
1 32
2 115
1 45
2 32
1 97
1 95
1 39
6 224
7 288
1 54
5 234
1 93
1 22
1 28
11 638
1 8
7 332
1 86
11 638
11 638
9 531
1 84
4 169
11 638
4 219
10 577
1 55
1 86
1 84
6 190
12 695
5 328
12 467
12 695
5 328
70 3603
1 61
71 3668
76 3996
77 4057
78 4165
79 4253
79 4253
1 36
79 4253
83 4491
91 4940
1 166
1 130
1 38
1 162
1 130
1 55
1 16
1 170
1 45
1 134
1 179
1 25
1 40
1 65
1 189
1 2
1 177
1 38
2 92
1 138
1 37
5 406
4 544
1 42
1 188
1 99
2 92
3 224
3 174
3 410
1 96
1 133
2 102
3 317
2 95
2 153
6 637
1 127
4 271
2 220
6 745
3 290
1 165
2 121
10 811
3 320
5 624
6 565
2 254
3 174
1 180
6 565
1 137
5 318
6 569
8 690
1 23
1 149
1 21
1 65
1 77
1 66
2 105
2 163
1 2
1 41
1 68
1 9
1 138
1 138
1 146
1 14
2 106
2 159
4 294
1 50
1 43
2 134
1 51
1 17
1 2
1 148
1 88
3 331
1 51
1 22
1 46
1 4
1 60
2 81
3 91
2 59
1 80
3 244
6 550
1 62
1 54
2 267
10 785
1 139
3 91
2 163
4 209
1 53
3 123
6 400
1 71
1 45
1 72
6 445
12 1084
11 841
1 144
1 143
1 156
2 257
2 145
1 71
1 98
1 5
1 10
1 35
1 92
1 129
2 162
1 112
1 130
1 47
1 94
1 26
1 123
1 24
1 36
2 55
2 59
1 17
1 2
1 49
1 12
1 105
1 40
2 196
1 35
1 40
1 129
1 129
1 64
1 24
1 146
1 56
1 9
1 1
1 61
1 12
1 33
2 86
1 16
1 55
2 77
3 103
1 42
2 65
1 17
1 11
3 109
1 67
4 131
1 67
1 41
1 39
3 153
9 317
2 56
9 317
1 16
2 82
2 23
3 153
11 291
10 253
14 374
4 180
28 1086
42 1465
44 1574
44 1574
1 18
46 1613
4 161
49 1773
3 138
48 1706
48 1706
49 1761
49 1761
49 1761
49 1761
55 1978
55 1978
1 37
55 1978
53 1919
53 1919
53 1919
59 2126
59 2126
59 2126
1 28
59 2126
3 95
59 2126
59 2079
59 2079
1 18
2 20
1 4
1 18
2 31
1 7
2 31
4 44
3 37
7 89
3 35
7 89
12 143
1 1
5 47
5 47
19 212
20 218
20 218
20 218
20 218
20 218
20 218
20 218
20 218
20 218
21 231
21 231
21 231
21 231
21 231
21 231
21 231
21 231
21 231
21 231
21 231
21 231
1 24
1 62
1 74
1 140
1 87
1 166
1 121
1 149
1 90
2 106
1 163
1 28
2 63
1 128
1 170
1 29
2 255
1 34
2 86
2 110
1 1
1 36
4 376
1 76
2 178
1 62
1 119
1 145
2 63
4 239
1 90
4 199
1 170
3 259
4 170
2 70
1 55
1 136
1 169
1 70
4 328
1 9
3 259
1 3
2 190
3 145
11 986
1 169
1 46
1 76
4 431
1 137
2 193
1 137
9 832
7 367
1 122
10 715
1 167
19 1344
2 205
1 123
1 136
3 189
2 162
4 201
4 390
1 90
1 89
1 11
1 14
1 93
1 17
1 1
1 30
3 105
1 24
1 32
2 90
4 101
1 13
2 54
3 69
2 41
1 22
1 30
3 96
3 77
2 21
1 40
2 84
2 84
6 168
1 49
1 101
1 10
1 18
2 208
1 83
1 18
1 20
1 63
1 128
1 106
2 77
1 59
1 118
2 88
1 49
1 50
1 62
1 64
2 80
2 73
2 146
1 44
3 130
2 146
1 112
1 33
1 108
1 18
5 332
1 11
1 2
1 83
2 121
7 697
1 37
1 135
2 146
1 128
7 697
8 816
3 201
2 108
3 152
2 194
7 534
1 122
1 132
1 63
3 255
2 107
4 411
3 241
1 14
1 5
6 190
2 129
2 161
25 1618
2 73
17 1279
1 120
1 54
3 128
1 153
1 126
1 105
1 4
1 124
1 120
2 219
1 26
2 115
2 213
1 141
1 47
1 81
2 130
1 132
1 136
1 144
1 42
2 115
1 110
3 290
1 94
1 52
1 105
1 145
1 77
5 477
1 29
1 77
1 68
1 13
1 8
1 45
1 72
1 35
1 68
2 98
1 2
1 78
1 99
1 22
1 68
1 60
1 131
1 42
1 27
1 21
1 54
1 96
1 20
1 101
1 99
2 82
1 136
1 115
1 121
1 127
2 115
1 54
1 116
1 130
2 203
2 203
1 128
1 136
1 125
1 84
1 84
1 144
1 124
1 36
2 134
1 161
1 2
1 151
1 95
2 155
1 79
3 246
3 275
2 219
1 39
2 152
1 98
3 362
1 93
3 274
1 60
2 61
1 154
1 86
2 176
3 278
7 424
2 201
1 147
3 198
4 325
12 1055
1 54
1 53
1 78
1 80
1 54
1 64
1 22
1 47
1 80
1 32
1 43
2 67
1 28
1 35
1 29
2 121
2 121
1 10
1 35
1 70
2 129
1 47
1 49
1 20
1 16
1 2
1 61
1 51
2 129
1 54
1 19
1 96
1 28
1 89
1 109
1 22
1 3
2 216
1 30
3 314
3 168
1 99
2 144
1 67
1 9
1 76
1 113
4 226
4 226
1 42
4 229
1 20
1 110
2 127
1 100
1 20
6 245
4 191
6 245
2 127
1 130
1 88
2 197
2 92
1 88
7 264
2 147
2 166
7 264
1 112
11 675
1 69
1 73
1 18
4 118
1 112
2 13
2 13
1 5
1 3
1 5
4 17
3 14
3 15
3 15
8 36
8 36
8 36
8 36
8 36
8 36
8 36
8 36
8 36
8 36
8 36
8 36
8 36
8 36
8 36
8 36
8 36
8 36
8 36
8 36
8 36
8 36
8 36
8 36
8 36
8 36
1 96
1 94
1 37
1 80
4 270
1 32
2 105
4 198
1 84
5 250
1 9
1 111
4 270
4 204
1 102
1 14
1 64
1 99
1 100
1 84
3 166
3 146
5 334
8 401
4 183
1 107
3 146
1 91
2 132
3 156
3 154
2 132
8 401
2 106
12 837
1 96
1 56
1 18
21 1271
1 102
21 1120
2 99
14 780
31 1850
24 1244
3 160
32 1854
2 27
58 3322
56 3268
1 92
3 160
62 3483
4 313
62 3483
1 82
64 3527
1 38
1 6
1 20
1 77
2 54
1 48
1 62
2 101
1 9
1 29
1 49
2 119
2 74
1 38
6 269
2 89
1 55
1 22
1 26
2 119
1 59
2 115
15 618
15 618
15 618
2 9
1 79
14 604
3 125
1 21
1 81
1 32
17 783
1 36
5 217
2 9
2 9
19 873
2 119
19 873
1 15
2 9
29 1277
33 1569
3 207
1 4
1 91
33 1569
2 100
5 153
42 2058
1 58
1 96
1 50
1 27
1 114
1 37
1 6
1 69
1 16
1 25
1 44
1 155
1 52
1 165
1 14
1 137
1 143
2 193
3 125
1 143
1 141
1 22
1 106
3 125
1 139
3 125
2 199
1 48
1 14
2 218
2 148
1 189
2 265
3 311
1 113
2 104
1 133
1 44
2 87
1 78
1 134
1 149
2 87
2 235
4 156
6 503
1 19
2 173
2 165
2 199
5 417
3 365
1 41
6 637
1 37
1 6
1 27
1 38
1 55
4 175
1 56
2 113
1 43
4 175
4 175
1 52
1 14
1 43
4 122
2 54
1 5
3 138
5 174
7 186
5 174
2 74
2 113
1 4
1 33
1 109
1 6
1 87
1 29
1 141
1 134
1 29
2 14
1 43
1 136
1 134
1 108
2 254
1 101
2 192
2 300
4 350
1 34
1 25
2 110
1 37
1 35
1 146
1 136
4 424
2 300
1 49
1 108
4 424
2 179
1 108
4 424
7 794
2 165
7 794
3 187
2 225
3 453
5 549
1 48
1 77
1 174
7 794
1 1
1 28
1 28
8 1007
9 894
2 117
3 193
2 52
2 254
10 887
11 930
1 74
2 225
1 124
11 1181
5 383
1 129
11 930
2 251
1 4
