0
4
0
4
0
4
0
71
0
83
0
3
0
90
0
17
0
75
0
8
0
98
0
5
0
86
0
79
0
37
0
2
0
4
0
43
0
40
0
77
0
77
0
48
0
18
0
3
0
1
0
37
0
77
0
74
0
92
0
0
0
80
0
3
0
17
0
75
0
82
0
71
0
8
0
36
0
100
0
90
0
16
0
37
0
22
0
4
0
52
0
2
0
80
0
81
0
71
0
77
0
52
0
43
0
9
0
14
0
46
0
6
0
59
0
17
0
97
0
13
0
25
0
59
0
74
0
22
0
52
0
71
0
86
0
94
0
13
0
79
0
67
0
10
0
0
0
38
0
87
0
46
0
38
0
40
0
13
0
27
0
58
0
34
0
57
0
13
0
50
0
21
0
11
0
64
0
51
0
47
0
52
0
6
0
38
0
20
0
53
0
10
0
11
0
19
0
60
0
14
0
74
0
81
0
78
0
39
0
7
0
60
0
37
0
48
0
13
0
57
0
74
0
34
0
54
0
41
0
24
0
74
0
38
0
17
0
21
0
16
0
83
0
95
0
29
0
7
0
94
0
44
0
62
0
3
0
61
0
98
0
2
0
17
0
32
0
34
0
85
0
34
0
34
0
3
0
95
0
72
0
2
0
8
0
1
0
4
0
34
0
83
0
95
0
34
0
7
0
48
0
61
0
72
0
100
0
53
0
19
0
35
0
27
0
69
0
98
0
22
0
35
0
79
0
64
0
100
0
100
0
15
0
53
0
1
0
33
0
84
0
71
0
68
0
88
0
90
0
1
0
5
0
88
0
3
0
69
0
20
0
34
0
28
0
23
0
94
0
98
0
16
0
62
0
63
0
33
0
19
0
71
0
60
0
95
0
34
0
52
0
22
0
51
0
27
0
33
0
52
0
63
0
25
0
29
0
99
0
25
0
84
0
93
0
54
0
38
0
38
0
67
0
20
0
62
0
9
0
9
0
0
0
40
0
99
0
7
0
60
0
62
0
55
0
78
0
45
0
7
0
100
0
54
0
83
0
17
0
9
0
73
0
17
0
63
0
65
0
88
0
98
0
59
0
29
0
99
0
6
0
50
0
48
0
62
0
60
0
69
0
82
0
38
0
29
0
60
0
64
0
42
0
59
0
74
0
35
0
81
0
11
0
42
0
37
0
31
0
14
0
100
0
78
0
21
0
63
0
7
0
33
0
78
0
3
0
33
0
78
0
31
0
37
0
51
0
59
0
100
0
42
0
25
0
42
0
20
0
70
0
49
0
11
0
31
0
56
0
92
0
3
0
89
0
25
0
81
0
42
0
52
0
56
0
65
0
78
0
56
0
28
0
78
0
51
0
16
0
11
0
21
0
5
0
80
0
73
0
27
0
22
0
3
0
96
0
86
0
96
0
79
0
25
0
89
0
78
0
80
0
93
0
71
0
0
0
53
0
42
0
2
0
50
0
95
0
61
0
62
0
33
0
80
0
79
0
44
0
65
0
17
0
89
0
45
0
79
0
48
0
71
0
77
0
17
0
2
0
5
0
17
0
92
0
12
0
40
0
82
0
71
0
96
0
53
0
20
0
60
0
95
0
24
0
36
0
32
0
98
0
43
0
86
0
48
0
100
0
80
0
14
0
32
0
16
0
94
0
96
0
38
0
18
0
16
0
87
0
18
0
38
0
10
0
96
0
87
0
19
0
100
0
82
0
13
0
58
0
73
0
13
0
23
0
5
0
8
0
24
0
24
0
51
0
74
0
15
0
85
0
79
0
54
0
15
0
19
0
32
0
94
0
94
0
51
0
82
0
55
0
97
0
77
0
37
0
74
0
78
0
39
0
32
0
85
0
59
0
75
0
94
0
77
0
32
0
39
0
60
0
61
0
60
0
78
0
71
0
93
0
28
0
31
0
26
0
81
0
78
0
93
0
62
0
100
0
75
0
43
0
37
0
8
0
1
0
39
0
28
0
29
0
86
0
88
0
5
0
13
0
12
0
33
0
5
0
39
0
13
0
47
0
19
0
12
0
12
0
62
0
2
0
15
0
8
0
84
0
54
0
65
0
89
0
72
0
21
0
23
0
64
0
82
0
88
0
25
0
99
0
56
0
23
0
21
0
86
0
83
0
87
0
45
0
42
0
52
0
85
0
60
0
72
0
8
0
94
0
37
0
69
0
64
0
14
0
12
0
99
0
50
0
75
0
36
0
57
0
34
0
58
0
80
0
31
0
51
0
84
0
37
0
81
0
59
0
15
0
25
0
66
0
63
0
41
0
80
0
5
0
91
0
44
0
8
0
23
0
69
0
80
0
25
0
88
0
82
0
67
0
91
0
57
0
71
0
8
0
44
0
9
0
90
0
85
0
95
0
89
0
59
0
96
0
93
0
51
0
88
0
40
0
69
0
90
0
93
0
20
0
41
0
21
0
12
0
16
0
69
0
60
0
57
0
63
0
63
0
12
0
68
0
15
0
95
0
43
0
48
0
38
0
16
0
65
0
54
0
8
0
47
0
41
0
87
0
74
0
13
0
15
0
5
0
15
0
63
0
63
0
7
0
63
0
10
0
87
0
31
0
56
0
97
0
88
0
57
0
88
0
87
0
41
0
48
0
45
0
52
0
86
0
49
0
56
0
86
0
96
0
49
0
37
0
74
0
13
0
50
0
36
0
34
0
75
0
51
0
10
0
99
0
37
0
40
0
78
0
9
0
63
0
20
0
69
0
74
0
13
0
74
0
13
0
55
0
30
0
22
0
11
0
8
0
22
0
95
0
59
0
5
0
47
0
33
0
96
0
8
0
54
0
40
0
74
0
11
0
55
0
82
0
30
0
72
0
30
0
55
0
46
0
45
0
81
0
33
0
56
0
91
0
55
0
27
0
11
0
28
0
78
0
22
0
13
0
63
0
11
0
55
0
22
0
67
0
28
0
33
0
25
0
28
0
56
0
99
0
24
0
0
0
19
0
11
0
16
0
99
0
91
0
19
0
24
0
29
0
18
0
65
0
52
0
61
0
22
0
96
0
99
0
8
0
38
0
37
0
96
0
0
0
60
0
17
0
29
0
89
0
0
0
10
0
92
0
65
0
57
0
62
0
96
0
94
0
77
0
79
0
76
0
7
0
41
0
61
0
23
0
72
0
98
0
94
0
13
0
13
0
33
0
61
0
28
0
27
0
27
0
13
0
33
0
29
0
8
0
12
0
75
0
15
0
76
0
61
0
82
0
52
0
9
0
73
0
84
0
10
0
97
0
34
0
97
0
37
0
61
0
88
0
94
0
62
0
82
0
31
0
15
0
52
0
45
0
85
0
34
0
61
0
82
0
0
0
23
0
20
0
90
0
20
0
93
0
6
0
51
0
31
0
6
0
40
0
100
0
35
0
97
0
98
0
17
0
55
0
55
0
55
0
33
0
98
0
64
0
32
0
70
0
25
0
43
0
80
0
93
0
74
0
69
0
1
0
27
0
28
0
42
0
80
0
75
0
90
0
36
0
74
0
91
0
48
0
48
0
33
0
11
0
31
0
6
0
99
0
94
0
47
0
91
0
55
0
99
0
6
0
40
0
74
0
21
0
51
0
94
0
55
0
11
0
91
0
77
0
63
0
5
0
87
0
56
0
41
0
100
0
53
0
17
0
20
0
66
0
97
0
38
0
0
0
56
0
30
0
0
0
1
0
41
0
77
0
3
0
88
0
68
0
1
0
70
0
57
0
85
0
66
0
70
0
70
0
27
0
14
0
87
0
12
0
43
0
57
0
1
0
80
0
79
0
53
0
74
0
85
0
38
0
24
0
80
0
11
0
72
0
100
0
25
0
24
0
6
0
30
0
65
0
30
0
8
0
80
0
6
0
23
0
75
0
54
0
84
0
86
0
73
0
69
0
33
0
31
0
88
0
99
0
21
0
6
0
6
0
44
0
77
0
75
0
84
0
43
0
15
0
86
0
50
0
12
0
90
0
41
0
84
0
26
0
11
0
23
0
26
0
98
0
8
0
86
0
19
0
69
0
57
0
42
0
25
0
19
0
20
0
56
0
63
0
86
0
63
0
90
0
86
0
95
0
43
0
94
0
87
0
95
0
14
0
74
0
75
0
65
0
84
0
87
0
43
0
98
0
73
0
96
0
33
0
35
0
72
0
68
0
9
0
20
0
43
0
66
0
97
0
97
0
62
0
68
0
68
0
62
0
55
0
68
0
66
0
34
0
98
0
9
0
95
0
25
0
67
0
34
0
63
0
79
0
26
0
72
0
62
0
5
0
5
0
88
0
14
0
34
0
36
0
83
0
97
0
56
0
43
0
78
0
39
0
100
0
67
0
55
0
57
0
56
0
14
0
69
0
33
0
68
0
83
0
78
0
96
0
29
0
78
0
87
0
81
0
38
0
18
0
35
0
57
0
16
0
45
0
42
0
38
0
76
0
62
0
35
0
55
0
43
0
18
0
0
0
100
0
81
0
82
0
54
0
14
0
10
0
13
0
35
0
81
0
57
0
81
0
0
0
98
0
10
0
100
0
15
0
43
0
45
0
35
0
100
0
42
0
44
0
43
0
81
0
70
0
68
0
28
0
100
0
40
0
19
0
80
0
100
0
39
0
0
0
41
0
91
0
68
0
19
0
67
0
35
0
94
0
100
0
17
0
19
0
52
0
61
0
85
0
29
0
76
0
91
0
35
0
19
0
53
0
46
0
45
0
21
0
2
0
72
0
17
0
65
0
94
0
58
0
86
0
34
0
99
0
85
0
86
0
86
0
99
0
0
0
96
0
68
0
66
0
82
0
61
0
48
0
92
0
41
0
43
0
3
0
54
0
93
0
38
0
3
0
36
0
70
0
79
0
57
0
69
0
50
0
61
0
49
0
0
0
45
0
20
0
17
0
73
0
86
0
82
0
28
0
55
0
89
0
11
0
77
0
60
0
82
0
72
0
17
0
72
0
6
0
81
0
20
0
16
0
90
0
87
0
19
0
72
0
74
0
88
0
20
0
63
0
33
0
79
0
20
0
93
0
51
0
32
0
74
0
31
0
91
0
39
0
89
0
51
0
20
0
93
0
17
0
41
0
98
0
37
0
3
0
17
0
41
0
84
0
28
0
90
0
19
0
88
0
41
0
73
0
31
0
53
0
51
0
16
0
31
0
74
0
17
0
45
0
87
0
4
0
97
0
98
0
20
0
3
0
16
0
84
0
77
0
98
0
85
0
66
0
50
0
70
0
74
0
93
0
85
0
33
0
28
0
77
0
21
0
56
0
59
0
74
0
50
0
69
0
64
0
3
0
60
0
62
0
47
0
33
0
69
0
56
0
62
0
59
0
85
0
28
0
3
0
74
0
12
0
43
0
43
0
57
0
50
0
61
0
32
0
12
0
19
0
33
0
75
0
75
0
36
0
41
0
0
0
81
0
39
0
17
0
34
0
1
0
94
0
97
0
39
0
92
0
32
0
39
0
52
0
1
0
20
0
5
0
35
0
61
0
8
0
80
0
31
0
89
0
26
0
82
0
61
0
20
0
49
0
8
0
25
0
4
0
61
0
54
0
44
0
26
0
68
0
61
0
15
0
94
0
81
0
39
0
9
0
4
0
80
0
80
0
10
0
25
0
23
0
52
0
54
0
82
0
73
0
68
0
0
0
32
0
76
0
64
0
21
0
49
0
60
0
41
0
32
0
65
0
54
0
23
0
91
0
54
0
36
0
80
0
30
0
88
0
84
0
26
0
58
0
26
0
14
0
22
0
91
0
28
0
54
0
42
0
28
0
63
0
50
0
76
0
32
0
61
0
45
0
22
0
32
0
87
0
62
0
45
0
68
0
11
0
45
0
59
0
91
0
85
0
76
0
53
0
96
0
28
0
37
0
22
0
54
0
56
0
3
0
82
0
86
0
48
0
100
0
24
0
39
0
14
0
4
0
4
0
23
0
27
0
39
0
89
0
36
0
99
0
86
0
39
0
86
0
89
0
93
0
64
0
58
0
3
0
57
0
27
0
19
0
10
0
22
0
19
0
58
0
3
0
28
0
4
0
86
0
99
0
91
0
97
0
39
0
0
0
7
0
82
0
98
0
89
0
62
0
14
0
44
0
31
0
61
0
25
0
78
0
70
0
99
0
1
0
58
0
41
0
43
0
24
0
99
0
83
0
16
0
76
0
56
0
60
0
83
0
53
0
25
0
23
0
1
0
32
0
47
0
26
0
1
0
69
0
42
0
76
0
81
0
58
0
36
0
90
0
24
0
79
0
24
0
98
0
48
0
95
0
6
0
57
0
99
0
85
0
93
0
49
0
22
0
43
0
68
0
52
0
95
0
6
0
64
0
67
0
12
0
94
0
65
0
64
0
46
0
85
0
3
0
21
0
41
0
76
0
89
0
76
0
85
0
87
0
64
0
54
0
20
0
32
0
67
0
26
0
93
0
54
0
26
0
64
0
23
0
76
0
44
0
11
0
20
0
94
0
12
0
26
0
12
0
76
0
76
0
52
0
53
0
45
0
94
0
39
0
87
0
89
0
56
0
22
0
78
0
88
0
75
0
7
0
26
0
46
0
16
0
70
0
97
0
74
0
7
0
88
0
7
0
62
0
70
0
42
0
52
0
95
0
52
0
51
0
97
0
30
0
7
0
42
0
77
0
32
0
35
0
23
0
91
0
16
0
23
0
60
0
54
0
31
0
61
0
67
0
74
0
79
0
26
0
86
0
2
0
66
0
61
0
80
0
18
0
50
0
28
0
54
0
70
0
34
0
43
0
45
0
82
0
78
0
92
0
36
0
2
0
28
0
92
0
13
0
60
0
12
0
59
0
12
0
40
0
77
0
67
0
17
0
70
0
13
0
16
0
82
0
94
0
39
0
59
0
78
0
28
0
76
0
2
0
13
0
76
0
40
0
65
0
76
0
34
0
67
0
85
0
91
0
59
0
27
0
36
0
20
0
24
0
94
0
56
0
82
0
21
0
96
0
91
0
74
0
34
0
81
0
98
0
50
0
93
0
55
0
43
0
91
0
16
0
91
0
25
0
69
0
24
0
22
0
19
0
55
0
35
0
64
0
58
0
70
0
33
0
10
0
44
0
45
0
87
0
10
0
82
0
37
0
95
0
38
0
40
0
72
0
44
0
44
0
44
0
93
0
53
0
33
0
97
0
59
0
58
0
76
0
36
0
70
0
6
0
15
0
40
0
100
0
35
0
12
0
27
0
32
0
68
0
33
0
62
0
56
0
85
0
14
0
17
0
66
0
59
0
9
0
5
0
43
0
78
0
62
0
10
0
68
0
90
0
96
0
66
0
88
0
53
0
72
0
54
0
19
0
82
0
87
0
67
0
62
0
12
0
16
0
55
0
40
0
62
0
10
0
41
0
3
0
2
0
11
0
72
0
42
0
66
0
93
0
45
0
90
0
81
0
86
0
79
0
82
0
81
0
1
0
11
0
2
0
1
0
63
0
45
0
38
0
74
0
23
0
10
0
38
0
1
0
68
0
40
0
22
0
19
0
49
0
96
0
39
0
49
0
8
0
62
0
2
0
15
0
33
0
25
0
89
0
92
0
56
0
11
0
47
0
49
0
39
0
6
0
2
0
42
0
69
0
53
0
39
0
47
0
37
0
74
0
5
0
2
0
74
0
4
0
96
0
3
0
9
0
96
0
13
0
63
0
74
0
5
0
95
0
52
0
84
0
29
0
29
0
12
0
32
0
43
0
18
0
71
0
67
0
43
0
4
0
60
0
2
0
10
0
93
0
43
0
85
0
9
0
34
0
71
0
53
0
98
0
72
0
95
0
53
0
85
0
76
0
76
0
3
0
26
0
22
0
27
0
56
0
87
0
33
0
19
0
22
0
97
0
38
0
4
0
56
0
35
0
70
0
100
0
69
0
32
0
41
0
60
0
60
0
8
0
68
0
59
0
92
0
39
0
62
0
91
0
44
0
69
0
67
0
60
0
85
0
68
0
86
0
9
0
69
0
21
0
9
0
6
0
58
0
40
0
87
0
38
0
68
0
40
0
38
0
9
0
47
0
63
0
77
0
100
0
69
0
31
0
77
0
6
0
91
0
70
0
69
0
92
0
60
0
100
0
9
0
51
0
100
0
68
0
100
0
91
0
93
0
83
0
60
0
57
0
82
0
28
0
95
0
11
0
41
0
64
0
26
0
23
0
89
0
15
0
64
0
48
0
21
0
67
0
94
0
1
0
72
0
76
0
41
0
49
0
54
0
57
0
18
0
16
0
28
0
49
0
22
0
59
0
85
0
28
0
34
0
52
0
29
0
12
0
94
0
91
0
40
0
91
0
93
0
33
0
24
0
91
0
87
0
33
0
96
0
78
0
68
0
1
0
0
0
31
0
95
0
34
0
75
0
63
0
84
0
96
0
34
0
23
0
0
0
21
0
49
0
21
0
40
0
70
0
28
0
84
0
47
0
96
0
20
0
68
0
25
0
10
0
25
0
41
0
25
0
68
0
9
0
26
0
96
0
84
0
5
0
33
0
29
0
93
0
68
0
33
0
83
0
36
0
93
0
26
0
0
0
93
0
54
0
84
0
19
0
14
0
26
0
62
0
17
0
60
0
94
0
12
0
37
0
79
0
42
0
12
0
20
0
82
0
53
0
14
0
21
0
29
0
49
0
81
0
57
0
43
0
53
0
62
0
91
0
54
0
44
0
85
0
54
0
85
0
26
0
97
0
21
0
59
0
54
0
45
0
100
0
26
0
42
0
37
0
42
0
62
0
65
0
41
0
62
0
35
0
65
0
62
0
57
0
12
0
3
0
10
0
92
0
100
0
10
0
29
0
90
0
6
0
35
0
13
0
30
0
16
0
12
0
85
0
93
0
8
0
30
0
44
0
94
0
0
0
70
0
42
0
44
0
65
0
10
0
92
0
69
0
4
0
67
0
43
0
43
0
0
0
6
0
11
0
12
0
95
0
40
0
91
0
10
0
5
0
12
0
99
0
7
0
35
0
4
0
63
0
14
0
10
0
90
0
95
0
29
0
74
0
54
0
86
0
26
0
3
0
58
0
92
0
26
0
9
0
11
0
66
0
83
0
74
0
56
0
31
0
40
0
90
0
97
0
3
0
74
0
86
0
7
0
86
0
74
0
10
0
86
0
14
0
78
0
34
0
91
0
10
0
88
0
20
0
28
0
20
0
83
0
22
0
28
0
56
0
26
0
45
0
11
0
90
0
31
0
87
0
73
0
27
0
45
0
65
0
66
0
62
0
34
0
80
0
45
0
50
0
62
0
3
0
31
0
34
0
70
0
96
0
62
0
7
0
62
0
59
0
1
0
67
0
24
0
78
0
66
0
20
0
78
0
34
0
34
0
20
0
62
0
34
0
26
0
62
0
18
0
40
0
25
0
18
0
74
0
25
0
38
0
45
0
78
0
72
0
97
0
70
0
41
0
78
0
74
0
78
0
40
0
31
0
1
0
89
0
21
0
85
0
49
0
66
0
61
0
26
0
34
0
30
0
100
0
38
0
83
0
26
0
61
0
80
0
48
0
13
0
37
0
37
0
87
0
81
0
35
0
21
0
56
0
90
0
98
0
79
0
33
0
74
0
45
0
57
0
72
0
34
0
44
0
37
0
50
0
26
0
88
0
33
0
52
0
38
0
78
0
11
0
15
0
88
0
29
0
50
0
16
0
88
0
97
0
1
0
13
0
91
0
33
0
49
0
13
0
38
0
39
0
100
0
12
0
35
0
40
0
88
0
72
0
44
0
85
0
35
0
88
0
46
0
14
0
3
0
91
0
49
0
82
0
100
0
49
0
70
0
37
0
100
0
22
0
100
0
100
0
23
0
82
0
61
0
93
0
35
0
79
0
9
0
82
0
100
0
13
0
33
0
39
0
72
0
2
0
79
0
94
0
7
0
44
0
88
0
44
0
9
0
86
0
11
0
79
0
46
0
86
0
100
0
51
0
94
0
0
0
65
0
78
0
61
0
58
0
80
0
22
0
2
0
19
0
98
0
79
0
14
0
46
0
92
0
55
0
51
0
100
0
95
0
59
0
57
0
12
0
78
0
51
0
79
0
94
0
29
0
57
0
21
0
19
0
63
0
31
0
55
0
15
0
24
0
51
0
86
0
92
0
13
0
98
0
94
0
95
0
19
0
42
0
9
0
21
0
75
0
18
0
17
0
47
0
55
0
24
0
60
0
100
0
95
0
19
0
80
0
35
0
56
0
48
0
42
0
18
0
19
0
35
0
19
0
73
0
20
0
70
0
41
0
45
0
18
0
3
0
15
0
19
0
3
0
41
0
24
0
32
0
56
0
70
0
23
0
44
0
18
0
76
0
53
0
19
0
56
0
19
0
15
0
31
0
74
0
51
0
100
0
88
0
76
0
82
0
21
0
92
0
99
0
49
0
38
0
83
0
64
0
100
0
79
0
76
0
0
0
6
0
49
0
48
0
76
0
17
0
63
0
55
0
70
0
38
0
51
0
44
0
49
0
11
0
8
0
36
0
57
0
82
0
76
0
22
0
92
0
20
0
10
0
22
0
44
0
14
0
8
0
11
0
59
0
4
0
21
0
96
0
17
0
79
0
95
0
11
0
39
0
35
0
60
0
62
0
41
0
92
0
84
0
58
0
35
0
57
0
92
0
50
0
35
0
52
0
2
0
69
0
67
0
99
0
52
0
77
0
0
0
36
0
10
0
15
0
77
0
64
0
87
0
20
0
80
0
99
0
67
0
55
0
20
0
11
0
82
0
89
0
77
0
39
0
78
0
50
0
73
0
58
0
32
0
8
0
11
0
46
0
42
0
84
0
9
0
32
0
28
0
27
0
1
0
11
0
33
0
52
0
48
0
26
0
96
0
52
0
25
0
17
0
53
0
23
0
22
0
25
0
70
0
50
0
80
0
1
0
34
0
65
0
10
0
22
0
48
0
53
0
64
0
23
0
56
0
20
0
33
0
22
0
63
0
44
0
99
0
59
0
22
0
16
0
68
0
80
0
71
0
34
0
35
0
88
0
77
0
34
0
59
0
50
0
7
0
17
0
58
0
23
0
57
0
23
0
57
0
97
0
55
0
62
0
21
0
97
0
91
0
33
0
74
0
59
0
55
0
58
0
24
0
89
0
74
0
94
0
94
0
92
0
15
0
22
0
28
0
75
0
56
0
86
0
42
0
96
0
85
0
76
0
75
0
81
0
13
0
76
0
93
0
22
0
64
0
88
0
45
0
28
0
61
0
92
0
57
0
100
0
38
0
61
0
38
