0 0 0
0 0 0
86488680 0 328
185788206 0 817
593702990 983 1254
1248229278 1082 2000
343027714 0 1682
437160660 0 1682
548825649 336 1682
636020861 336 1930
582239425 584 1930
566711254 0 1930
1116953322 0 2218
66553085 2845 2845
916333918 1538 3357
290152076 95 2208
1519203250 833 3357
641785697 358 3513
1011712600 358 3513
643749299 481 4252
30806000 730 730
647735919 550 984
60406720 550 1327
927776867 984 2186
744039041 258 1977
755811398 430 2208
165289079 1327 1977
10197638 121 121
11362021 121 121
49185532 121 121
47797365 1015 1015
176973417 1881 2049
110541620 1015 1015
1247490651 1015 2817
8684610 38 130
182919670 38 2661
172963844 38 662
53316705 1027 1027
2178692 38 38
652643063 38 1795
215515798 662 1410
68349514 662 662
280426516 662 1410
307186950 700 1558
399754250 700 2443
382052056 391 1537
136369461 391 391
217208179 0 956
121925363 174 1537
19820526 1518 1518
58607953 317 1234
555489111 644 1806
55189515 139 974
163231202 276 1442
102312387 590 985
539867255 515 1683
85368057 877 877
504422040 237 1386
522851367 237 1228
204401336 328 916
463867011 237 1228
611717085 237 1817
369751730 856 1847
82182234 3011 3011
800170918 94 4388
802955321 94 4388
260134198 1824 2815
30267042 94 390
1203456230 390 5445
17296218 298 298
321285894 1 1658
353066598 662 688
648779288 619 1457
231822920 980 980
846644116 619 2099
108113268 969 969
480915852 1614 3392
669032010 2015 3717
1236479860 627 4463
86908836 315 3219
924893044 25 3717
28481670 315 315
359294466 929 929
28969007 929 929
138480281 209 322
384755174 326 923
243500777 326 1466
28996354 315 929
210314370 865 865
71074476 783 783
166475692 353 953
97612974 353 953
161188811 353 953
250001807 353 953
33278616 504 504
426874936 353 1136
4625346 554 554
305439513 353 954
236338702 353 942
178781520 660 942
8176950 1350 1350
301504080 1064 2217
281657494 126 1982
456680369 126 2251
180841718 450 2217
104963022 115 2217
185309889 115 2217
135189156 676 1333
10118604 772 772
179754663 115 772
414589793 614 1333
214844463 115 2217
130908269 161 772
397900667 161 1495
14886432 888 888
667188629 603 2705
808569392 899 2491
988018328 603 2766
44686600 2705 2705
1350065458 128 2766
180319107 914 963
-1696851218 820 6484
-1534012165 834 7561
862730279 2799 4526
80310105 453 453
96488094 453 453
628581747 453 6536
554628920 158 4526
6300804 282 312
28582008 312 312
1028370333 158 4526
246060613 237 1887
52790784 237 312
24498142 562 562
99129788 852 928
17478740 237 1887
233045535 483 901
348915828 483 1159
282062533 177 954
90920700 595 1325
631438798 237 1887
277421311 177 954
265392954 153 978
52328387 237 1887
1116898806 502 2416
305599503 237 1887
529360036 237 1402
309155388 597 2701
258813729 597 2701
125180751 597 597
463666311 237 1999
86719572 195 416
125812920 237 748
312355343 195 1326
178847307 195 748
80978359 237 1999
74645187 195 416
218774475 195 780
115950780 373 373
283061603 373 777
233561553 1269 1785
367039571 1285 2093
761863757 461 2093
402490152 379 2189
314460689 50 2189
460729052 50 2189
316740186 911 2996
26142390 170 554
109140533 911 911
986742690 170 2996
381960357 137 1151
563230758 137 1979
373604236 137 1979
382170069 38 1154
155383423 561 2977
7958664 168 168
23562210 795 795
123501678 900 1254
98996926 80 1254
38764825 294 1764
348421746 836 2154
525388240 836 2154
608312081 836 1207
1164310723 505 2978
234395924 926 1660
1092339082 926 2978
1140034105 926 2978
855118520 769 2588
61715762 874 874
88952400 400 400
186422197 400 981
376755852 400 1159
1025364942 777 3508
256091687 3164 3508
19635898 252 1415
670745638 237 3856
415255615 1171 3437
1260594019 237 4399
9043920 720 720
18535286 322 322
170349470 322 1418
11138302 322 322
291115400 1418 1418
314375260 728 1292
80991636 858 1444
341934906 901 901
709634296 430 2414
29788173 951 951
276661976 430 951
232604611 999 1264
216061362 430 1264
539756 518 518
388699234 1059 1645
807149593 1059 1645
523655639 1059 2142
635965794 516 1842
311548480 518 2244
681807858 1018 2746
401793496 273 2986
262319271 668 1283
47174557 273 518
936618509 603 3388
333776348 668 3388
904176762 156 3388
795619350 5 3388
337491042 93 1648
29810280 996 996
281086752 887 887
12263580 996 1095
618930479 887 2249
189714914 430 1095
253203810 447 1580
517622446 156 1580
153636630 1218 2580
40922950 226 226
63835984 93 226
617306272 156 2199
328866560 640 640
310154240 640 640
602085796 226 2199
758225005 0 2341
264987253 12 1101
409434442 811 901
158040256 638 638
342700584 638 901
30741392 638 638
6838650 600 705
349296 3 3
188716548 451 564
77404817 34 625
551304327 34 2384
491856271 34 2384
144672515 323 2384
328310786 90 2384
279940093 90 1606
37907180 90 849
10178517 421 421
42538250 170 170
471300807 287 2384
194307543 927 927
518161084 170 992
51782673 59 170
603574615 59 2384
213859295 59 890
6729460 1815 2116
3476212 59 170
253004322 786 1547
146107214 220 786
120183420 489 786
166853598 170 1369
322551600 903 903
251812125 285 903
52780588 770 903
409267793 770 1377
187256072 3 605
555000758 510 1717
538237781 531 2063
109755282 170 834
28605422 635 694
893723258 244 3011
17449372 439 439
559523685 295 1922
219859610 531 1479
166779129 439 1451
47463155 815 815
245240134 175 2092
774129100 177 3114
229167768 177 1167
228744533 981 2314
104150813 439 835
72745856 272 272
158176891 272 897
139110786 1618 1618
8411230 1333 1333
526365058 385 1618
13602900 150 150
124522327 70 1147
208334466 70 1147
187893835 70 1147
83084606 418 418
29881167 477 1572
171000417 623 623
64398928 623 799
184604058 506 1252
95632125 263 1443
303776336 512 1208
295883182 439 1827
422491726 996 2311
132389413 512 717
6292332 70 272
90111833 849 1175
148993794 2434 3061
1418280 120 120
1257240 120 120
133955450 17 482
1741820 17 17
17261991 17 590
194050840 31 920
219321352 134 863
461283022 134 1780
117807284 1171 1171
531658817 272 1465
421274000 988 1012
249942509 1 1562
74824433 44 931
455602573 1285 2538
19923384 104 104
60165300 390 390
141854630 390 1390
370154054 159 1911
511868902 159 2135
45677520 159 1166
140884650 1321 1321
141421832 10 984
364424332 223 1600
332355639 223 1259
474590807 251 2425
282967619 501 2473
141435126 504 630
211425609 439 2473
259850916 247 828
457883769 828 2255
77782980 1759 1759
120676356 996 996
648381263 954 1930
111864987 1814 1985
978342417 1814 2748
218110578 594 2701
307354724 594 1003
119121362 2028 2888
206044080 816 816
178923617 81 2028
63850820 2012 2012
562559487 527 1600
215107898 862 1537
23363319 129 129
434699576 24 1271
130233592 52 910
276351822 942 1014
264987000 1389 1461
1358686812 506 3015
153081195 506 2205
185851557 476 1357
91682136 819 819
4498848 984 984
310318215 819 984
585500115 702 2301
308532380 2665 2665
898315388 1692 2665
1631376259 702 2665
1022475627 1692 2665
583360415 227 2665
19953981 227 227
36146572 227 227
3438633 79 79
25010926 79 79
325780021 887 887
821205057 52 2330
569399591 533 1726
11657776 533 533
101759305 485 485
538229975 587 1640
39569185 959 1061
1191924900 485 2000
310407791 573 2000
14481594 963 963
222031313 963 1421
587538640 485 1421
544524924 485 1421
158316877 848 963
306167135 485 575
75827770 575 849
42669056 256 256
397053785 256 2008
600911019 1164 2916
144276660 535 535
56177675 535 535
205978 2 2
65725864 966 1156
393811149 990 2489
1167204799 149 2835
992456203 14 2835
474872089 14 2835
251872899 14 1925
18285702 14 1688
123000302 1239 1801
321336779 1237 3746
1110173477 624 4098
1337252426 584 4098
890685557 498 3403
371364450 926 2279
814472226 825 2868
241092535 2030 2868
245955420 1254 1260
595121590 555 2902
3455725 25 25
53873365 25 880
185990606 738 1600
342742810 738 1600
343990206 249 831
321534025 249 1600
82606608 249 831
109891709 184 657
217263982 605 1259
762130051 472 2190
624602556 747 747
267371469 747 747
201754406 958 2320
431636328 747 2436
84829770 1854 1854
1052088969 747 2436
263112512 832 832
578398159 747 1801
27093989 767 832
78084865 150 506
420620808 150 1600
39182176 150 506
18880264 379 379
33814856 201 634
293043416 439 548
137068975 439 548
4694666 439 439
371398295 439 930
109713360 1885 2103
116980230 839 1004
135928646 161 1424
25822268 161 653
28969900 655 839
161807945 379 1917
420731334 2081 2722
293766071 1236 2227
70660553 525 1458
132392130 450 1240
413965093 1144 2321
125913889 916 1103
580195438 421 2508
143310865 935 1198
117669203 878 1462
69966798 1122 1122
763221877 902 2294
87391480 745 745
220264835 902 2000
651055367 745 2939
454425760 745 2000
93390630 670 670
553661708 670 1532
55197072 417 951
163571049 951 951
297463487 178 1926
79244236 29 1623
498128969 541 2652
714925031 29 2652
558514382 973 2750
804851273 29 2652
626912789 415 2652
291983997 29 1335
33781429 1639 1639
396065735 175 2122
8401130 134 134
87577176 134 767
115765993 134 1229
599486296 443 1624
312238136 443 1624
444412447 320 1465
553602659 320 1465
513874676 424 1465
341322485 1580 1773
870481635 156 1773
49932550 1185 2170
621990656 156 2205
267982542 551 765
63504918 954 954
154276020 765 765
610793128 765 1635
648325138 765 2011
629408519 643 786
60440055 643 814
448803741 308 1844
163336643 308 830
365807617 640 1197
92381380 40 1197
258541181 640 1330
292363479 40 1526
348940227 40 1197
209771005 40 1197
143283748 640 1197
466675758 40 2000
123475660 970 2000
96088684 704 910
633743464 302 1928
76686860 302 302
126628135 106 980
263236685 155 1228
21219770 640 1580
618868621 155 2120
7933002 294 294
26616483 251 1179
227021196 185 1228
41248494 294 294
275769166 842 1046
753903079 842 3994
333728317 530 3994
369423072 530 3994
598117087 2245 3008
246299297 1057 2448
484704130 637 3066
462525034 894 2923
105605682 637 637
324222327 894 2944
704108800 658 3087
225405725 894 2944
140076382 637 2079
414283256 195 2944
511936502 217 2217
205959558 421 1682
305149356 294 967
156033972 742 932
342742090 217 932
372728881 345 1422
130677499 345 1422
489169725 345 1422
125150824 932 932
320135719 345 1422
325918277 50 1422
396686889 50 1771
200169734 50 932
165024858 50 932
390557362 50 1024
291029834 627 2630
248411856 521 1898
18773634 627 627
195847000 910 2630
46893140 910 2630
1094476774 705 3158
48897296 658 658
307478461 947 1321
5185566 981 981
977049303 167 3586
1007686226 789 4421
630806856 3212 4421
265935736 455 1413
300515826 554 3233
125462688 455 4943
74172844 554 554
24551349 1581 1581
6040008 351 351
123250952 748 748
99389752 748 748
158513040 420 420
75472839 567 1357
565889492 134 2480
61342890 134 1182
387068088 1295 2480
369353195 134 1468
164085345 603 603
49565763 67 1295
6408890 95 95
82106541 493 1764
73196285 95 1764
202144784 95 1764
150919589 490 801
122260635 801 801
462510373 489 1598
951364070 220 2474
135822635 985 985
919150171 220 2749
221020374 393 654
116096250 393 985
229845594 393 985
123966183 429 968
27163755 79 91
98884446 79 576
195160443 142 2444
532476021 284 1617
29002356 284 1680
348203787 284 1865
451337988 418 1168
456044628 284 2444
58244224 1168 2264
128644125 350 775
139314000 775 775
462786964 201 1490
340433655 581 1177
86190751 581 1177
185582758 201 1490
154014481 201 1490
131769315 581 1177
155255589 783 783
290745 91 91
33383768 814 814
289332041 440 1278
63449146 91 814
451000933 91 1307
200518516 91 1307
118046553 843 1458
211889309 732 1922
580743898 91 2127
55864565 1046 1251
1045219674 363 2399
204600780 1320 2370
100692969 318 1209
310957365 763 1935
530210039 318 1209
190800746 853 853
107058279 1314 2205
149479874 1270 1544
1511085251 1270 3674
686720952 516 3674
60114962 2025 2863
201648259 284 2863
1824470102 284 5050
735474278 318 2505
654710821 1514 2505
779503835 318 2505
628027112 470 2511
370351849 318 2511
411865547 318 2634
1207614998 563 3393
128083941 192 795
71825520 285 795
296031210 45 795
12751275 685 685
44311725 285 685
267081510 285 685
83838520 685 685
467502374 421 1484
33925606 590 1484
381254874 685 1579
933580923 516 1579
345205772 1034 2103
152675226 150 1443
49869150 150 150
388911833 463 853
266170973 853 853
0 0 0
73601792 0 944
0 0 0
65592480 0 944
119723148 934 2490
0 0 0
88365390 0 1596
200205696 248 2490
45686067 0 719
51137508 0 1596
62667692 311 2013
49300 725 725
29408097 80 1891
88873558 1234 2139
74541320 1297 2139
257364003 63 2798
170281881 311 2798
265996076 725 3026
88687966 865 2798
224917627 603 3160
393628841 0 3405
350492778 603 3160
681740057 0 3405
103883846 634 2436
6840590 745 745
166442917 0 2436
54415458 0 1020
167946374 0 3941
278748067 8 2573
184535406 8 3941
54482623 0 1241
147251659 0 3304
47079142 408 1241
290258662 8 3665
32145809 8 3665
4472756 817 1818
81643542 739 1449
258041181 0 2170
89649690 375 739
20828076 24 776
425897706 302 4323
26754553 302 1250
185825345 449 2994
262725255 1171 4641
113111400 24 2359
261554831 740 6544
4236981 24 395
193473252 544 3530
75521024 24 1399
152553429 433 6544
139746153 224 2359
10089501 1118 1764
37365178 224 751
149079556 429 3241
118217786 683 6544
141107858 751 2045
52401224 0 3026
117566124 429 2120
357850541 0 2689
227097432 429 2989
31499070 535 695
364737580 0 2989
277342552 0 2989
249864028 429 2989
51941201 621 2320
23994363 257 695
206774745 257 2320
42723802 224 1648
65719979 436 2746
97173612 266 2799
172580292 266 5739
19478573 266 958
103442566 436 2782
21908748 307 307
114842876 257 3654
33164946 17 1170
116066958 117 1648
246932089 266 3146
264325057 266 5739
13940991 43 756
162460820 452 3146
23900333 836 933
34891512 489 1299
153110896 0 3584
102152343 374 2195
86372626 374 2195
247188129 374 2195
77684582 374 3584
289631419 43 3827
54600452 0 1898
61969845 595 595
105127092 366 3266
5717250 750 750
326215569 425 3266
221767676 142 1989
57510068 464 1650
30238198 14 2043
108521610 142 2669
714399784 280 5709
46001612 460 3107
507604710 159 5709
454011169 142 3498
38898678 803 1473
98144180 63 1670
68416560 111 2575
302220792 169 4530
98815760 0 3575
139385502 651 7194
301899249 118 2687
39005247 517 1751
13376320 169 1154
91102559 713 5366
316204913 169 7194
33323436 118 2010
268640752 169 7194
356626065 118 4178
56846795 356 1100
2043230 707 707
61520562 974 1607
182844582 212 1455
401520529 46 3984
60544062 868 1607
192785721 184 1455
82302972 184 799
188566838 46 1517
9145224 1782 1782
16057877 599 799
235494987 353 1517
343886339 406 4976
216030391 406 4976
7117278 865 1118
75850530 617 1329
204268214 1098 2797
6894595 184 572
165646344 418 2677
24021662 581 1729
393788371 46 3724
139732141 698 3328
74519014 550 1729
42235047 707 2285
13949073 477 819
512505177 19 4472
218979886 1590 6587
10328836 1275 2236
93957300 1275 1275
132909549 819 3728
253936984 359 6587
1968248 1748 1748
258729695 2 6587
70923035 272 3473
53537903 19 4015
369681034 2 5173
107176814 1713 3258
52506600 121 1453
49343094 243 3205
106772570 243 3780
16182160 243 370
444153058 243 4599
11020054 243 370
35166100 370 386
87307868 566 2036
34991352 386 2077
54557015 923 2669
89514181 923 1647
113059896 859 1530
43305714 923 1647
188707655 130 3878
307844800 326 8287
35030392 372 818
12953256 372 951
33021128 372 818
253565805 326 8287
234034943 372 1869
47340288 486 486
72089475 486 1245
45142032 486 920
210955501 77 1245
85421378 464 835
82722141 115 1245
170615850 0 3096
643065913 486 3494
163786331 326 8617
129447389 513 2616
703584579 486 3235
107758399 326 8617
327171037 95 3482
153201283 358 3482
8269340 326 2057
166308555 326 3483
94780077 358 2302
213297477 326 2616
29390904 121 996
553883857 121 5635
3067809 326 1049
6692840 572 1125
359602696 95 3494
4338630 455 528
19381244 455 528
20562578 455 1086
71629886 254 1160
73791724 455 2273
113666941 95 3501
3079979 149 149
17894905 1085 1085
28598228 149 284
8971294 236 509
109791055 79 1086
186256928 238 796
21251652 214 528
21939096 0 1350
32318319 93 1235
105899700 93 1716
404713184 104 3348
1173156 1657 1657
40254210 486 3348
208330967 236 3768
10233285 677 1563
12838620 236 906
403991953 500 4497
398494681 553 4497
5586561 1083 1126
249208324 1428 4126
436411231 236 5465
334358151 553 4280
1948800 985 2279
170799718 434 2121
306096879 434 4852
170520111 528 2402
135470098 149 1996
10460447 95 1865
33492380 151 726
33574320 612 612
294111824 151 2325
367428658 151 3297
92076379 262 2419
3506650 262 712
221544738 149 2419
156303778 151 2710
29853360 90 920
7898040 540 540
6467773 9 2265
29575188 151 2710
204528908 151 2710
47428626 9 631
29583832 9 631
121704328 1338 3508
47227954 1242 2794
205758928 949 3508
14560326 1195 3508
54318458 65 2256
861030003 95 4247
511521016 1136 3510
60009401 639 4205
52100612 9 2522
301786091 1136 4247
21697130 565 565
165298953 1069 3885
15499690 1083 2878
215766953 9 4051
355757194 9 4498
14762493 711 711
517285285 65 4051
14997093 144 1089
35746553 397 2888
20464249 39 865
134027888 195 2048
56845880 257 3832
267438922 73 5300
110194622 193 3887
55598043 73 2888
20799251 73 2888
218111512 193 4205
9940336 289 592
17026621 289 592
31397794 73 1395
432740784 49 3092
139945464 315 1587
9345303 289 592
350660262 260 3820
1359836948 421 6873
38347806 25 2943
273332171 9 4315
89113650 67 906
14108150 181 747
213599048 9 4315
129609746 25 2943
9995735 181 906
35549290 25 2677
37867836 67 1085
147394923 9 4315
358647691 25 2943
130425983 442 1495
6177392 884 884
109303728 30 1911
248536235 25 2943
137465315 221 1911
183340739 628 2979
279117510 221 2762
146021865 801 2946
156565043 801 2979
10790689 1501 1501
513308765 9 3008
206856230 9 2300
30532416 1219 2936
56048992 9 1697
113961514 131 3008
34190649 0 1971
589477234 9 3082
111049185 211 1628
189688547 791 3035
50997820 559 1695
14302800 889 1268
43309969 759 1912
63711712 590 1876
449666009 211 4834
88131711 192 2207
342026518 663 3036
227850897 160 2688
23934974 305 1739
381119338 78 2959
118402648 305 2959
5765856 272 272
51350991 272 543
19730304 160 272
39097423 355 1399
153370616 272 2942
136853613 160 1187
9399848 78 2290
14209740 534 534
127189227 272 2073
66584739 47 2772
85909854 350 1385
14433696 350 754
38384665 350 1385
26795738 754 943
611784 116 116
10711324 754 754
51718235 78 2532
151264513 116 982
93143565 78 2194
37275000 497 497
46015329 116 616
124672117 350 854
40577458 109 616
217083750 975 975
285997986 0 1837
169574592 109 1837
28749393 2 1275
76635149 78 2194
72968 2 2
78136120 2 1620
3948421 2 779
47796426 2 1797
63646713 524 1797
34541241 2 1277
146145636 524 1320
24309192 524 1467
73172301 1816 1835
7716531 332 1340
160084881 497 2569
35481801 644 1816
128135927 2 1497
293011776 644 3136
355301290 184 3907
194881193 81 3154
160906359 81 3154
943655 355 830
57912616 524 1942
370471501 81 3154
166718624 984 3736
56777144 531 1323
275893019 984 4098
70416761 1133 2410
503496 564 992
531019387 81 3180
208780157 184 2908
303990380 184 2903
101705654 421 2998
44479911 498 1891
348024284 468 3344
138544022 155 3127
98570126 332 3180
277232332 165 3000
239742090 165 2702
45368076 281 1336
26914402 281 1549
285735480 165 3127
125731873 155 2647
163072041 201 3127
101814389 435 2755
199961003 320 1374
69116733 281 1577
105455860 910 3721
106700700 1192 4477
449013302 78 4953
257591349 78 4953
95235755 281 2097
214266656 788 788
73464474 281 1037
63685453 16 4953
10858332 26 2206
11107700 23 788
78424614 87 1699
85084260 23 1057
89835864 26 1252
159941133 23 1677
12392604 716 1057
233966254 26 3878
226798639 26 3878
553677605 78 3964
83826762 735 2408
56374723 158 1057
37492617 210 953
339418928 112 2963
663368 821 821
188634969 112 1961
221426589 210 2963
122720417 158 2109
222930361 0 3237
353751561 158 3237
85948824 389 2617
44346818 362 1057
4559860 184 1636
210766518 389 1497
176914894 974 4090
418295439 645 2053
95239578 974 2754
119559070 684 2053
2042598 1662 1662
104346725 404 1975
18429362 939 2416
298299497 645 2475
46272508 803 1142
74944760 509 2754
122676526 362 1942
99565189 509 2416
129529206 509 1470
12938584 1107 2075
262798591 613 2075
326173351 358 2416
25248 789 789
129992616 509 2658
30547512 509 1659
232910196 504 2502
50824633 613 850
71155582 486 1157
169493066 504 1753
5658328 85 1157
62062398 509 2502
120624085 486 1553
28342881 99 656
153906790 151 1180
25446914 299 833
4769776 833 1803
121720108 299 1803
109085778 821 896
107902461 821 1696
16123918 696 821
133564960 109 1696
47893166 121 896
11140416 614 614
28838434 109 1696
176665783 109 1496
35554816 704 704
43655314 109 1075
233151183 140 3948
21877060 125 668
18859932 303 303
144625616 978 1734
17164169 1040 1351
15226794 518 1456
21251731 59 1875
114271989 184 1771
35197337 292 1793
6706656 292 292
426232513 59 3251
107832140 184 2359
2224887 371 371
44023620 292 1324
34467392 302 596
256365756 67 3862
2256189 533 533
14672442 457 457
232293656 376 3312
318691778 457 2017
356196704 3 2051
121349415 452 2256
50753782 292 1764
43380767 720 1231
202285920 3 2051
207053766 698 3293
87459681 272 2051
450102832 684 3293
108968418 3 1590
478751509 684 5293
30355842 1646 2312
52853952 53 734
412198906 16 4926
53025158 19 2395
46059557 659 3970
69126220 372 844
5044529 273 928
147678560 19 2395
22949432 745 1271
8181976 1087 3841
67376166 477 2610
194276012 1659 3841
315622553 461 3841
455926694 461 3841
112964306 70 2164
225319972 806 3841
85370377 1319 3465
203499059 806 3427
199959026 806 3698
123602958 418 3675
163858941 190 3012
39262269 677 2514
64717516 190 2324
206037749 190 4072
43265930 418 3865
445999507 418 4031
176427150 1806 4501
243470902 190 4072
338964021 190 4072
394778409 190 4072
341804926 190 4831
216535382 916 4072
83033984 305 979
209911458 305 4072
80224224 727 1244
97429632 727 727
5257440 280 496
42401011 496 1877
114098686 1053 3178
32559588 603 603
7839 603 603
91828698 603 2091
32392232 1154 2758
452789079 914 3691
135501925 316 2246
228577510 794 2569
811361442 142 5253
1107943 2501 2501
39607589 142 2274
513462333 211 3892
95103099 945 2903
67538306 945 2274
447679969 142 5253
506305914 603 4085
163919470 1117 3842
754444112 63 5253
78285357 1200 3667
56281784 603 1351
147319895 659 1775
126032553 1028 2058
36306419 659 1437
44889479 256 2186
45694543 256 1423
43024355 1713 2595
357677082 71 2395
224999340 1076 2576
415030657 659 3108
14166970 71 1408
104921653 256 5123
260836351 479 4132
129022174 257 4813
238267393 479 3592
97484739 976 4240
77902892 477 2348
303873505 71 4813
606138488 142 4783
340448657 211 4783
64765010 1900 4038
522593586 246 6128
22377865 477 2782
282218667 1102 4532
300544248 689 6263
226044031 971 6263
441946766 853 5935
145788680 71 4329
53519376 1151 2982
256359483 2036 7399
769864999 359 7101
95201232 2036 2392
325864100 353 7382
374701897 571 3368
589524105 317 4234
756960099 665 8603
531435429 71 6353
1513836321 115 9443
142333573 439 4576
58771304 927 4716
48871888 927 1270
5617240 311 326
83868743 231 1681
11136174 231 1372
45019810 311 326
185083981 115 2369
10781568 382 382
18627012 382 1270
53035378 52 2369
95162872 326 3618
136133374 210 1446
25184250 326 841
140912657 52 2369
13241078 382 841
3708139 52 421
53589228 44 985
31577166 44 985
620400 44 44
50664732 89 985
15266638 179 832
49469500 145 1293
39367840 114 1185
42908112 114 937
23160772 114 313
5571981 273 559
49470381 114 868
31864140 114 1394
366640492 265 2567
27856675 1135 1970
57658931 179 1295
116849474 179 2653
161212644 641 2581
39737079 490 1295
36005382 227 2653
40830229 227 1295
196330067 131 2653
277067182 227 2653
181024175 101 1779
39952547 101 872
190289352 101 1779
35635126 415 1093
108638518 415 1712
32451535 416 798
522909140 67 2260
978172 1010 1884
29867154 837 1597
95795083 415 1712
6546768 416 1418
35030895 101 837
177412012 566 2659
383324 631 837
271990690 79 2659
76346303 79 2078
57124941 101 2171
14008176 196 365
56796224 261 1712
2378805 631 883
180362633 79 3330
159441124 79 3330
115729106 365 1043
128671263 244 2094
17402584 244 883
245723687 472 2381
479536267 127 3106
266324122 244 2277
8491603 821 821
41004406 472 826
54876842 497 1540
42822062 406 1540
38980711 785 1101
77454859 0 1191
266399635 0 2326
174004520 0 2514
230716093 262 2828
1119272 316 316
57479112 0 864
3718016 0 1520
393153463 0 3187
582455935 0 3444
419623445 262 3187
103887216 0 2090
118577332 262 2783
575011908 262 4878
314912171 33 3803
226180492 81 3525
10922986 319 1149
39113773 81 3525
43298391 0 2283
233220980 0 3525
10222753 356 795
62197669 207 3248
197175069 542 1004
27976491 565 918
27739880 0 2531
79766968 26 918
9452168 416 1354
152057780 0 4302
2827678 416 930
156329215 0 4302
2359600 416 3115
37874711 0 3731
33980382 416 1721
9461616 416 4999
12948410 356 1613
39579908 416 3861
28974295 725 2187
49866371 85 2187
2860928 217 217
43979985 81 1410
48034800 408 924
49792945 756 1461
44482340 840 926
24649392 217 941
30486972 81 1031
30274543 0 1753
167165725 834 2789
131900084 476 3388
232586144 229 2044
44978542 395 1322
33855800 395 1724
8582994 227 378
80000957 33 3078
337793757 33 3564
39941434 217 2508
50452674 378 1148
2216332 0 1615
94459085 85 1724
73519018 227 1293
22717383 709 1293
1429344 709 709
39205105 85 709
11057200 0 924
20605192 17 2071
227153452 17 3266
47083568 593 3149
23586188 17 942
17847465 511 3149
11738159 593 1370
42432096 17 2147
36908701 17 1099
752808 0 420
266902901 17 4456
158790387 17 4584
108366788 923 4584
139503853 511 3522
31421389 593 1420
8851143 556 923
124503234 420 2695
114587277 281 4676
84462127 281 5204
458544825 228 6306
244794588 17 1962
33542734 0 1389
35684668 1029 3173
279890412 42 5453
89475299 109 1282
155781135 109 1616
75412188 0 3939
28184419 754 2237
20542518 315 3124
358079672 408 2849
281613349 315 2849
50535801 0 1598
221120921 822 5316
45379445 233 4037
953662845 822 6417
821971210 657 6417
33652918 657 2371
15298040 657 1400
378915064 0 6417
134682214 822 4360
42137489 657 3485
115533956 885 6417
52089658 82 3107
94018549 252 1968
250986340 0 3670
264589727 511 7029
15930531 516 907
656882182 17 5691
221560371 516 4219
366552042 232 4090
4837500 516 516
19359248 516 3246
342552514 1568 7206
224719321 333 7029
134665350 516 4685
401502070 246 4447
22134645 587 2780
111799086 417 5713
184037023 75 4414
199675159 75 4628
12094180 52 3252
69758253 530 4628
34313802 412 2571
150046393 84 7392
278298387 84 4627
5884164 0 1389
28992530 84 2242
98520 229 1256
202405331 84 6219
104125583 142 3313
613313665 0 6219
36872539 229 3367
42778344 0 3683
113087072 107 3948
91537024 84 5491
124283283 17 6219
99497851 229 4087
62254202 273 1504
7016256 516 2362
33356465 273 6219
146285981 240 4631
4685059 69 2007
26765019 229 4152
107456575 69 1778
10508520 279 282
94507823 53 2337
8881405 139 139
2276351 53 722
182646788 53 6219
58286620 0 1635
17119197 187 1195
106697074 53 1635
75479622 435 1491
91206777 132 1017
38274900 974 2480
22868664 679 1217
32482584 679 2004
188193050 114 3475
133026849 207 3309
212815499 139 3475
27813151 219 3475
26000228 207 3309
124896250 187 3525
446847618 0 3194
122268703 513 1781
60385288 435 2100
34849116 529 564
141009673 139 2457
1664240 155 529
44314626 155 2457
92109379 366 1306
13033487 529 2457
24423123 263 1472
24547052 988 3116
549894040 187 3550
552234690 175 3550
442949631 79 3755
17351569 79 3599
175309058 79 3599
50901424 612 3550
34824944 317 1905
157844987 317 3861
145380052 0 4577
24823194 3 1905
116228112 924 924
2922480 150 1482
52425594 150 2440
4621771 174 625
20924409 3 2267
1013310 3 982
9273289 219 2171
1896890 3 815
3648134 475 1185
245876239 947 947
468077932 3 2534
540969265 395 2534
556968136 1 3628
108145080 1 2565
5758965 319 667
59528841 898 2528
31165286 139 2183
587777911 0 2565
11869292 1 1636
237993319 1 3042
10923160 1533 2497
445155953 114 3042
44016035 169 2871
2687776 169 169
81522942 192 3042
15129009 169 739
175454713 311 3824
61185430 169 3595
69714424 102 3055
26262163 102 2759
184605811 218 4465
8114840 1181 4465
122035220 519 950
27589653 210 950
34363414 174 2838
177901218 91 4943
131494047 102 4551
14845474 602 721
28424430 198 721
265273512 91 2266
59282688 198 2048
2657718 474 474
20384222 474 4655
16102263 91 1693
342221239 241 4865
334514026 911 4865
7329729 1319 3505
55741034 467 3997
127568035 911 4865
43878671 947 3489
32336088 467 2084
38137510 51 1607
241744133 51 4718
650637814 896 5563
17131425 0 2861
764267397 467 6487
769599316 93 7711
785408964 93 7711
1544947936 93 8467
39128784 8 2976
121903601 8 5138
592074 8 1006
222181241 8 4860
85859705 8 5440
64958382 8 3278
57833060 542 2623
2740394 8 2131
327681260 414 6724
146974937 1298 6740
479483104 0 5440
101630024 414 6705
143329085 8 6910
211893701 119 5138
195327461 8 4302
153867005 8 4892
96265008 588 588
335809897 414 4468
1761060 588 588
137845430 588 5010
99597560 158 2011
443510978 414 5160
254291527 588 5326
86809340 588 5176
5335313 588 1091
318657104 519 3993
44913075 519 3788
75994585 234 3788
286030649 234 4057
101057630 754 1897
54451564 414 5289
43237134 788 3547
170305144 588 5558
39330770 929 3585
19570415 821 2891
19551030 400 2464
654516837 28 5558
466919268 28 5558
36443276 28 3728
32192792 1022 1711
202721236 28 4335
47128847 28 4130
161931838 234 3585
603391721 28 4953
423978930 28 4130
16971370 1038 2357
8144505 28 1383
25129829 588 6012
7048470 160 2698
587576801 81 4312
21465565 507 2929
156330818 301 3011
353328113 301 2615
69502284 789 3368
49443023 518 2301
14811108 789 789
38232164 245 3395
123202632 789 1566
113700037 341 2615
13838552 796 1298
329963758 228 2067
145645542 425 796
183292476 395 2067
17726760 341 1321
2778446 341 796
5561697 0 2700
546525536 0 3730
9638440 38 2168
182293557 1090 3197
42781723 592 1858
89554994 135 1858
76543432 316 946
74495940 49 3395
8790627 135 1627
3851994 946 2002
3769500 569 3326
12395664 316 2024
8366324 460 858
25707463 1048 3148
164235145 135 3928
7789536 1858 3704
2187936 460 1048
126546529 460 1961
649787265 316 5012
64341128 460 2070
129381290 135 4875
18139935 425 3318
1055312 460 1550
63584922 272 1612
6575156 523 523
124173732 135 3539
22485954 443 746
107573198 220 1257
143319765 414 5290
3279360 854 854
128720977 329 6197
660191540 243 6201
245002648 247 6201
414330700 71 6201
10141660 897 1945
32131796 71 3646
399533338 71 6201
55987847 329 3091
104848150 118 4979
34178505 118 2811
31983544 261 836
8382622 118 2317
93909389 118 2024
24056736 118 1969
81909865 118 2112
59510346 918 1222
71254201 829 1778
70523831 55 2886
113061142 54 3649
454768 115 1044
54795103 432 2434
378205556 54 4232
60962060 54 4232
57334834 651 1697
14348691 651 651
2284863 253 776
14408254 172 3059
60557717 153 3864
32323704 135 1251
98328385 345 2348
33685896 345 2348
354997561 153 3987
3354766 1182 1796
116997570 153 3864
25956034 253 1892
1045909 182 1059
158633356 160 3630
495346 351 943
145397677 182 2273
46151170 345 3403
6250076 776 3255
15345996 818 3403
7892590 54 2348
50394489 243 2870
498479229 182 4464
138763564 182 2870
131090877 493 3525
12630457 667 2088
252370085 54 2870
57737300 675 3391
534023242 68 4464
5293046 0 3480
151404 243 1042
161291922 68 4330
31635844 160 792
14617124 340 792
84128586 473 4042
316681682 160 3742
60970965 376 1541
9317736 923 2102
188095188 522 3037
7708971 522 2053
38776574 0 4230
9525344 418 522
28245710 488 1636
231233000 488 1632
143453257 77 1617
1676380 155 302
15257322 289 1779
468703072 26 4957
213680469 3 2712
32591235 3 2079
14550398 26 2379
116699171 3 2665
41522506 3 1816
20607916 3 1842
9810759 382 2518
7401361 166 1271
20785895 166 1636
209820666 3 2860
74691503 154 2794
14520855 229 2518
34945006 376 2028
116447450 229 2713
34217199 271 2980
266286649 271 2826
14005393 229 2335
2930742 480 2356
142046819 350 3724
3068620 173 880
83468750 271 3155
1079640 341 1090
19247043 341 1220
84609469 3 5292
157346227 154 4424
101847952 3 2049
5683942 350 1311
20616156 357 1431
57501917 249 2826
2705952 357 685
73593526 343 3994
173329796 311 2593
364222852 3 3779
1715501 343 2430
114823571 0 2494
11877978 311 892
11922001 343 3994
7610116 290 774
52486833 404 2083
51670667 290 1587
111602307 588 2353
71381360 290 1699
252468087 290 2593
103350153 343 2868
223300899 0 3694
24414313 154 2293
189699618 154 2868
190430 571 1642
405671016 0 4389
75505577 561 3743
33963071 243 1143
18911957 373 2384
180614839 0 3246
14473050 343 2403
117633515 72 1943
18274638 226 1943
35628121 358 981
1419390 226 409
26581600 659 981
120654740 188 1690
131898006 188 1690
10128514 128 765
55190848 128 1038
29319939 128 1555
15187452 712 866
31511584 128 765
24108806 967 1779
163067095 128 1690
806306 925 1302
161602774 338 1989
68680617 338 2553
12649423 588 2494
23966329 586 1742
31228110 376 1016
110735573 188 2430
59997880 0 2048
14363217 373 1680
92643894 24 2430
12365736 651 922
288387165 24 4070
13992794 24 1704
457561399 282 3327
561165663 24 5292
139195523 24 3327
667946329 24 2702
177404510 282 4070
183463941 501 2557
3251068 556 1791
9125088 1104 1832
155121298 391 2424
408312869 331 2424
18712614 698 1921
38533810 1591 2424
371075530 391 2769
521905369 331 2557
237433510 556 2660
214849707 498 2557
28482604 554 1627
217179654 282 4070
59458852 495 2091
3366990 495 495
81876960 495 495
278147432 134 2136
269221334 134 4070
1411344 495 627
39235045 808 2066
102816995 331 2066
70216 134 134
21331576 495 1665
14619936 257 1665
2319840 108 108
13240704 108 449
12016190 449 565
14438079 56 1343
281869711 181 4422
128113035 60 2559
80816953 181 2810
1962000 1000 1000
84271719 131 2720
87125263 173 3947
54319495 626 2839
301534027 406 4253
16261899 238 2557
25380341 238 1223
14800018 1289 2374
3806684 238 406
297486 787 787
202846268 147 3599
2218980 147 1777
33332583 238 2584
64158428 147 2425
47738857 60 805
5813402 433 1317
32773248 164 1551
252705755 147 1551
98627762 108 1441
30852402 60 896
40866214 60 941
10663219 56 2290
12216998 147 999
1358168 158 158
6058184 147 805
29848588 165 1548
272320267 73 4867
6177388 73 1155
235850586 56 4867
22246572 47 1155
176120879 0 4604
38472571 73 2745
180815231 47 2745
108731681 73 1996
31930102 293 1605
76373505 336 1619
14698171 382 2701
28217043 158 1422
173802216 135 3085
312111968 508 2524
125211727 382 2701
217035633 114 3231
84674588 54 1253
38197896 54 1669
229731811 114 4187
104284555 382 4604
137587247 54 3120
255068862 158 4187
12851402 508 1253
7524146 14 620
97067258 14 1253
79768341 14 1715
1266580 178 847
3437407 178 910
4699392 278 1430
7501320 597 2396
4894315 623 1949
126071653 158 2098
4604115 399 941
1217414 597 1456
19554977 808 1245
179787687 242 2758
186986123 1205 3273
41783364 1557 2398
168858062 14 3305
72354308 1257 3765
63833717 14 2525
539654825 14 4169
103555793 60 2802
14631949 2018 3297
566317650 14 3633
275222617 108 2579
466534098 178 4506
9622496 1730 2363
1925070 864 1594
10248783 580 1395
403155552 464 4476
90598488 390 4476
37002706 348 2765
61063345 348 3211
465453655 580 6074
145980398 707 6516
36867660 348 3172
10634656 1129 2176
471520602 178 7201
485090612 131 8029
285771890 348 7008
336264259 390 9187
694174660 219 9187
19087920 585 738
389376005 2 8069
198223057 2 7196
71571828 402 1704
888056431 2 9187
1216768 776 776
285925001 149 8818
600789233 178 9820
186342814 178 4346
656704 62 62
123872548 62 2051
9105400 149 2400
18621348 62 2822
129432306 62 1165
13289808 257 1018
10680409 62 2389
13902413 1001 2102
52984198 81 2468
71155052 825 2009
1448077 257 679
54783277 206 1724
96741432 23 1914
9732168 348 348
19675858 62 1982
48304069 178 1594
207286128 584 584
24524196 847 2505
155884554 28 1402
99480312 1402 1402
250024077 178 3539
47619002 356 2490
3135132 504 1730
384109432 297 2837
56654668 584 2837
59020859 297 3135
265357518 62 2181
42535136 504 1730
7456619 683 952
4186080 765 765
9076784 765 1504
103111596 21 3229
109875084 21 3229
160075685 36 964
4432779 36 271
74264738 36 992
126051336 271 1923
18178125 625 625
4745728 992 992
22547712 992 2635
69485580 653 1704
91401903 530 1455
79439120 36 1144
0 0 0
128244600 0 635
104241600 0 635
26289000 0 635
41730675 0 787
31780634 0 787
221836365 0 3235
17217935 1668 2636
29523213 886 2636
138464246 0 1861
4046952 0 672
3721196 0 1861
569030859 842 4121
548550660 0 4121
347417210 0 4731
301442699 0 4731
240707401 0 4731
3635310 0 1745
12603352 0 1521
59859507 0 3861
229429226 0 4731
27817237 0 2371
0 0 0
31000180 180 955
267211524 180 3910
194492499 0 1529
108721752 0 3910
14856838 0 2264
25636165 0 1529
26911798 797 1751
939080 356 955
453534864 884 2307
112919416 1169 2418
60310297 0 3581
216146929 0 2591
609245 1183 1183
59082335 52 3087
17694182 284 2264
26308064 284 1097
74919132 0 946
49535280 855 855
12061395 449 855
6520281 15 946
37617711 0 1294
280231568 0 2420
72675408 1660 2420
58753223 293 2217
6760866 293 2565
170690868 293 2830
43857223 293 1660
27122690 0 1647
174803721 228 4175
186676599 391 2565
41076810 257 1077
58301043 0 2016
582343847 0 4848
238238936 404 4848
577463171 283 2587
324281440 0 3355
3261060 366 366
613182496 366 2565
159587368 718 2597
601969185 366 3985
121030373 173 3985
138687505 366 3355
274892385 107 4676
201533308 107 4676
652053571 216 4761
34958260 718 1917
27037284 499 2946
422559772 188 4761
24086788 0 919
606816 129 129
1179468 129 414
7534432 0 1062
388523341 2 4086
313612246 0 4086
89743742 510 919
4355274 510 763
50178892 510 1184
209923313 13 1683
188214902 510 1184
310636627 199 1184
1617000 1000 1000
40608698 281 1718
12438400 598 598
33991355 281 2928
195559117 0 1871
65298515 287 2425
72562818 598 2805
516225807 199 3898
37521052 271 2436
127470852 271 3564
81694790 271 2205
1558403 1305 3564
93688175 271 3564
2357531 137 444
142415774 578 2446
209775554 307 4058
137035783 444 4058
63947942 271 3075
298183538 117 3564
129192301 137 4058
5677930 117 749
46224128 271 2916
449838920 117 4629
244945905 216 4572
20437886 137 1473
197813378 216 4306
61326154 0 3194
33458601 1241 1241
246074143 0 3360
12988564 216 382
158076523 93 2464
39160170 93 1844
132828331 137 2323
80375555 137 2043
424204539 0 3288
51649314 143 1807
135954448 143 3288
13047208 12 1934
92333641 12 3288
72663727 12 3288
4827076 68 912
13040559 67 1169
143558952 12 3288
96798984 67 1169
44325772 67 1593
144281866 12 3082
28593048 488 2219
86907965 0 3380
19963451 132 1450
116993104 876 1994
248107664 386 2611
97905876 476 3082
198318327 0 3380
360239342 84 3082
21029788 132 1784
12738584 366 931
49267059 233 3259
46802820 366 2611
209796516 84 2636
11822048 0 1784
347587223 84 2976
8193900 955 955
172720578 27 1200
1157460 573 573
165863065 27 1548
53318972 573 1200
6110472 573 573
83396733 573 1736
2187714 573 573
1086462 573 834
78891945 27 1548
16012119 573 1145
64502992 573 955
28143745 67 955
37125207 573 834
4319595 164 1548
139838464 27 1867
38608410 1048 1826
29091717 0 1402
67912656 67 2722
151779608 1048 3500
307433220 67 3500
108015768 575 2725
7658270 27 3015
53780116 625 2775
210125274 219 2775
593474921 0 2953
5649300 625 2148
100591147 525 1868
18120336 258 1958
61504813 318 2887
185646223 142 3274
255845640 258 3351
131338468 258 2775
66011060 142 3007
16632916 575 2086
423617420 142 3376
7071526 103 1245
10390495 258 3376
338925215 185 3849
304731257 56 6122
191599055 258 3299
365190 185 185
3875183 498 713
43153284 498 2917
50625480 498 4071
24340558 1064 4220
37776432 713 1473
5078619 1654 3577
383851092 88 7195
32469230 88 1504
164980784 88 4386
101007245 88 3419
106230155 27 4013
9638173 654 1989
13122101 410 3577
27068077 148 1084
31252442 193 4517
122099109 638 4898
36067347 193 4875
181410721 108 4898
2910922 103 2150
319556413 214 4425
134166478 564 5748
75926990 737 3169
30417967 737 1747
168589094 737 2055
40108173 737 4929
6268360 734 734
40650472 193 1275
5501402 326 1107
205673420 485 4539
6492428 734 3169
541455643 108 6346
189164628 387 1644
43293286 485 3890
360557992 0 2439
14817735 95 1602
57016757 95 1904
129328 95 1304
10683066 387 990
46615382 95 1907
278436 352 2362
302764421 95 2890
18742472 76 2182
450244792 76 2901
286169378 0 3641
198444179 76 3239
3815592 76 1522
4393724 106 1726
16011420 76 2362
7144320 76 2362
3739680 159 159
304692 870 1603
80527105 159 4027
2952312 159 159
4704673 159 2176
7369064 0 2339
81381783 159 1362
77866984 159 3680
681960 95 629
24891740 159 512
145817522 106 3171
176726480 159 2706
119118425 159 3010
40190278 141 1867
137377507 159 1448
4612624 518 2048
164310918 9 4374
26257158 895 3179
31724684 17 2361
85081496 9 4374
137616468 757 1065
8922464 757 2808
16348556 757 1729
6566945 17 1575
111873434 1129 2032
12564282 757 1823
22778228 63 804
20237499 1724 2032
13788252 106 2685
17949637 786 4566
523627396 642 3119
2444243 1803 2524
225253941 63 2753
69014358 95 2739
33910700 141 2739
123182188 42 2739
67523199 42 2352
164510967 42 2862
447922435 42 3112
218805642 42 5309
698308605 387 3304
35025 25 25
47550 25 25
34375752 25 1357
25580600 25 925
12431890 516 1390
177156751 25 2162
274799191 114 2162
359270327 0 2162
64796700 0 1957
13119186 25 2705
89227417 0 2705
64415692 42 1870
4978944 25 1262
31121415 230 2705
53588244 230 2576
23625738 230 1957
12942116 103 2705
113980388 95 2935
19599427 25 2596
299457457 186 2935
39549556 508 2245
58186017 424 2521
96544166 424 2338
107002713 601 3316
84699611 220 1482
17038826 424 1215
411356015 25 3316
12635326 424 1215
100559313 29 1215
3662464 146 608
38470272 21 2462
47903123 21 1451
25099988 95 2680
766704 21 964
39711370 21 2189
28152236 61 2769
999180 61 61
158420176 103 2913
222068 103 103
106643732 61 3500
14953250 1391 1391
5506300 850 850
2374164 494 494
5227383 205 1056
28829612 21 3080
501024110 0 3634
185391408 21 3080
32433400 750 2116
290478662 429 3080
49040662 171 3080
65543926 293 3101
102760833 171 3080
67698994 103 3634
10811258 21 1729
20598758 458 2920
317882044 139 2130
818808 78 1102
959400 26 26
11239176 26 26
39657519 26 685
15551980 26 698
2432768 688 688
102298947 26 698
49426196 26 1612
1846001 25 1612
233751180 26 2167
32430766 26 949
44411236 26 949
69668538 480 2167
196205347 480 2167
22147124 26 2651
196357816 26 1982
103047009 239 2453
9788832 25 1253
1238250 65 65
115035532 65 1480
14766206 65 1792
376194 371 371
20573994 65 949
157863322 65 3292
49393312 0 1747
27838702 398 1074
26417561 65 3082
74654263 65 2110
98445643 343 1271
107359570 588 2094
1070963 5 1086
193656261 139 4115
4041011 139 2047
151773251 309 3094
181738869 31 2977
31791618 31 1082
370613464 5 3015
208091607 31 3094
4998416 507 2184
17392605 588 2150
525827083 25 4115
147452096 204 3864
109157599 171 2977
131839866 5 3245
39776470 31 1017
7354951 153 520
92292892 31 1811
131690525 537 4206
4021119 1369 3448
10896497 68 1595
245620150 30 4128
37888292 139 4115
54954416 309 4094
18299832 541 1868
36556007 470 4295
444304671 541 5271
96107796 2608 4496
93600080 853 5748
14133444 1330 3521
177967272 236 4975
259154421 95 4923
21031373 399 3556
5573960 477 757
23623611 853 4187
32180040 757 1173
71021745 477 3937
176252968 294 5021
98682123 23 3903
4041793 0 2644
2569140 23 674
72919737 23 3903
50586111 262 1810
17989587 1473 1810
197998310 23 2253
83956754 336 2101
62765256 23 1810
1193595 333 1473
62861246 175 2005
224549098 175 2237
64848989 1000 6186
58186182 46 1473
54577465 66 2608
31083726 45 1441
192421274 138 2608
29780070 359 1202
92400645 45 3495
109647792 359 2365
24151817 414 2403
2133984 138 371
76869765 45 4036
68950456 46 2608
55875579 138 4240
284180874 171 5638
1030425 505 1334
51450998 505 5745
59947202 300 1084
276616453 138 5745
220577900 46 2052
25473289 281 1550
19887202 307 2155
157824207 138 1727
103682838 505 2564
296530410 138 4641
184021341 43 2521
82026058 0 4240
647844 243 412
94462216 362 3899
54376905 243 6488
220347790 25 5940
96034329 235 1357
885481826 1 6488
433108562 423 6488
10662184 423 5537
24406363 423 4653
9430960 2437 3835
58180666 20 3172
37972221 763 763
273008964 423 2356
54596377 567 1708
6679914 763 2445
204426927 763 2325
92220812 23 2571
587858974 1 6652
100212710 219 3053
372283896 1 3372
119861685 1665 1665
82835066 206 2912
62601744 304 2467
229577841 304 5333
8979176 1807 2657
346390865 505 6652
63940014 148 3765
72462773 148 3417
2887236 148 273
55018296 45 3311
9289255 763 1583
197442797 149 6192
199696847 148 2764
1003798367 0 6652
401309585 446 6652
227315028 567 5755
1010173663 92 5379
92988810 92 2776
544071 135 651
24426192 135 2229
50849907 1 3670
658051366 1 7025
17835391 135 3928
4182332 1 1032
247725060 566 5659
101374234 566 5659
1859139 135 504
2276652 21 900
221508 21 1512
298043857 1 3178
416265017 1 7846
428370836 328 3704
179506477 21 3711
430685882 1 6480
80758040 1007 2766
167860177 328 2959
289155606 1 4647
448027596 21 4681
7293119 186 2538
702171673 1 5854
160324395 2587 5854
247095423 186 3541
474630284 148 5765
329561698 141 6157
1791802 1 1292
44076280 1325 7846
4769428 186 1337
93688337 21 6480
744070585 115 6529
50953637 186 4079
457331486 115 6529
419390823 156 6650
29173292 1196 5940
188704620 329 950
27236538 266 266
366930580 1 5995
4154820 581 1314
87647006 266 2734
298423127 1 6268
4995746 539 553
153977628 135 2243
201097238 34 2249
215432309 34 4158
124794444 34 2633
42302752 130 1096
73153753 21 4059
64374637 223 2249
4915362 328 2249
67244496 135 3763
18961036 250 1096
285515265 34 3212
20216349 575 2326
32812043 1 2504
380943509 21 3274
165833838 122 2733
318366671 122 2733
28934214 34 1000
161948084 34 3150
24745208 666 4513
13422416 592 592
253620 1409 1409
289302617 288 4763
184564692 789 3190
392825970 1442 3797
22097699 2175 2436
281006106 13 2968
119984551 69 3504
11429048 363 2904
145772738 789 5157
129382636 1734 3376
32037032 69 1620
44081192 789 2968
4101090 331 331
23224480 407 3169
34030572 462 2924
163717924 0 3504
11489358 69 1685
26296693 329 1683
3116770 389 1272
44868653 127 5215
1763236 462 1237
77773129 389 3279
42683384 462 3504
610420712 127 5864
198289725 224 3852
39879006 310 3040
23480603 358 4013
42671266 224 1708
245685465 124 4441
267101012 5 5189
3195185 1008 4388
39736270 130 1978
141840856 224 4542
27031462 391 4512
251139667 391 2720
6380048 761 3760
7838282 356 1122
163002861 172 2426
2408917 222 3278
4262790 371 371
9159424 967 967
281262217 5 4763
31160627 459 2004
78483708 1180 2162
6738341 254 2073
63169092 254 2162
16493376 222 1880
49960590 250 1908
11896308 32 887
36265045 250 2504
103168 32 32
94605752 32 2162
160986038 32 5759
33356792 250 1325
2538922 887 1656
235614242 222 4902
152205052 5 4763
21658140 579 2315
218140924 0 3890
25594197 128 3266
183601351 139 3890
651344 5 1224
79923161 139 4731
21277079 216 4731
89053287 76 4176
47287390 222 1566
47012245 59 1870
136508744 18 3160
22282800 139 1501
5118491 157 657
34136558 216 657
25046485 157 1103
219052659 76 3011
23678862 103 2377
32750945 121 2094
2040140 103 1175
30725932 103 1501
51080958 19 2490
166078810 19 3678
97119310 53 2654
121829947 19 1547
193746938 19 3678
38911488 19 2094
167508450 103 2879
47950099 178 3113
47918100 19 1244
294744597 62 3278
9976281 121 1609
68713659 121 2212
41885161 62 2129
13965136 299 3282
212078034 299 3856
426552235 103 3856
407559793 76 5189
254959308 121 3856
546325 830 1171
83124857 299 1967
141625767 0 5189
12118568 393 2291
221718892 0 3815
9945080 121 1967
2637366 299 3856
128292474 393 2291
342644057 121 2307
200042091 393 3258
327925089 299 3258
1844960 533 1298
10491156 1018 2592
189568684 76 4499
16318885 51 2443
12913780 0 3064
7472155 121 1632
346713286 6 3332
397170904 6 4528
57170930 414 2332
75533478 51 4287
3164760 118 118
85252251 0 4176
35538569 118 2809
1147432 118 118
16181641 118 323
4283176 118 1675
35508726 92 1673
53615760 0 883
0 0 0
3592044 0 883
28350780 0 883
198750 0 75
8388576 0 1972
133884108 0 1972
78906680 0 1404
9507864 0 641
239380854 0 1972
30291101 0 1404
29297436 75 1178
498600 0 75
12985275 195 965
19188612 561 965
7419385 317 317
3123656 317 965
1256216 0 526
98014666 122 965
39215781 317 965
45644514 317 1345
52431326 317 1259
948015 75 395
177687359 0 1345
5391536 395 664
13349406 69 1135
412312162 0 2309
33059892 277 2309
23102066 0 776
45937710 0 1082
115956335 69 2309
31926546 915 1708
20562497 117 1322
29874368 0 1644
14479594 53 348
40768274 0 2288
55367224 53 2720
29277059 106 1582
48472267 106 995
24833260 106 1312
34169892 106 1945
94623151 106 1945
8628255 106 889
12565783 106 1085
29716599 171 870
648510 103 1112
21915500 0 915
148266027 79 1678
537005920 75 3422
95773924 540 2569
328396519 731 3422
538125918 190 3422
41972298 190 895
121866388 1026 3494
13508969 171 1322
134884622 79 1970
297903170 0 3117
2421352 286 632
8520403 691 970
11327682 523 691
39394406 75 1603
71464015 523 1313
1176329 233 1112
7462900 691 954
93100844 75 1143
333358440 691 1714
165694342 964 1503
26977037 889 1395
2367780 402 402
1100121 583 583
57053367 333 1145
173058488 333 1914
40756038 333 1416
5572096 278 1027
28993586 75 1876
88377719 278 1624
57775424 463 2151
13401979 625 1850
95189250 296 1379
127167951 300 1423
40497575 80 1367
987444 80 1599
89561077 38 1389
63001376 303 1170
8404068 876 1625
7514988 73 769
31373585 73 1835
11381975 73 1754
345856187 38 3320
92839765 288 1270
329199148 880 3037
54691836 73 1864
100557109 880 3037
332360176 288 3399
9110408 38 822
28263565 2305 3578
212039693 397 3730
172828507 104 1864
85601418 379 3994
71842859 914 3488
482852348 582 4799
283517336 582 4173
16384416 582 780
12060096 80 780
288696146 80 4585
5192979 397 1001
273564880 850 2990
504719682 1091 6889
442312764 757 6889
58406804 757 3852
3475338 582 1770
5380172 144 1918
20080108 144 3195
60007769 144 2723
207136003 144 3217
52759612 598 1508
103878911 61 4599
44618370 927 3659
4340151 144 598
23559183 22 1196
2128464 324 882
66045809 299 1465
105153304 131 1638
244931356 131 4599
46066775 44 1424
450579 268 411
202321902 44 3154
3775997 244 1412
86455040 411 1320
96023016 44 4310
58974462 44 987
187083528 87 2471
67493123 253 2899
16997676 1188 3896
313233683 411 3735
486100 324 847
498570442 617 4357
26753131 895 4100
126415748 590 4357
127766112 2029 4357
364807831 411 4695
108349274 736 3668
6259661 665 3035
26986353 1006 3541
3567074 916 1421
425930982 182 5926
25628566 144 1930
968511848 22 5926
37900168 144 4356
86186072 837 5926
114504597 0 4893
350908553 227 3956
99685937 1003 5177
135516114 590 7241
76655650 164 2442
24960312 366 1146
301354301 119 6145
173063395 119 5826
25876103 312 2332
29597292 170 602
187596460 621 3082
65690190 0 1764
263172317 123 6713
107752559 0 3258
126883630 1069 4064
56318658 95 1058
112743863 95 7128
121465355 149 7124
29469336 703 1277
437050960 95 6483
19411528 703 2997
121224367 95 1718
7196736 18 1231
23952664 18 1906
5582397 18 1390
20329428 204 939
14798896 916 916
283462163 18 2690
140159584 18 2827
126993895 204 2827
428100278 182 2827
18613956 22 1463
1560838 264 2657
209948800 93 3261
118058314 21 3992
470689683 21 4514
25791782 93 1991
11549229 690 4719
49865419 470 4783
5438235 268 1159
250284349 986 6273
111857203 21 5012
135385197 93 1533
18210125 134 1899
86514535 470 2933
673400 962 962
109643032 1033 3401
701892753 90 4644
225047701 470 2280
90415600 22 3650
71586948 523 2933
29823715 579 2578
210179953 496 2556
36216238 53 1339
24889642 622 5175
50294034 299 2081
33961736 299 1343
443752225 622 5842
108839744 2298 5288
180881392 807 5842
101395611 1471 2807
163583092 2033 6317
746541362 622 6379
200180792 1550 6835
353046555 622 6317
240703815 993 5312
17657956 1014 4215
37650431 690 3811
6170256 299 2704
56772950 1363 4810
159984868 1266 6317
10442616 1266 3379
364102398 378 6867
46431194 1066 3799
198291001 470 4869
33674544 519 4886
7137210 690 3476
458492511 85 8374
10062284 85 1035
17709178 414 5043
39539794 327 4808
1522356 460 2856
454531548 95 7675
502049431 85 8337
288058243 460 6540
401480485 22 7879
14730632 0 959
42398009 85 3481
182567181 85 4539
4044600 265 290
185135146 0 2641
119376036 29 2066
189046206 22 3506
27233262 968 1695
56157008 747 2287
259167788 22 6070
279537628 42 2741
9329390 410 4973
94409060 42 1702
18630220 42 2149
8837381 843 5483
106887749 5 2149
206822179 123 6070
160253258 160 1712
149603916 139 2626
15853178 160 2332
1126704 223 1660
18276184 482 1826
326635488 0 2663
16063989 446 2663
70554929 366 2362
8008130 458 458
57173694 458 1371
28698350 729 1556
120478296 291 2330
3120497 628 1422
62938912 201 1705
39902863 628 2289
388152 291 1074
261730124 628 3962
571038942 201 4129
26576652 201 1972
135628845 744 3492
61466538 1422 2445
89908622 2124 3713
162927306 153 3695
10404306 153 2809
13829238 201 2809
33389830 201 2367
99683788 153 4327
11089719 153 1314
217832414 72 3713
222785502 72 4666
285166925 0 4423
664506 201 201
327564350 171 4666
30252440 311 4327
413008 311 311
1781146 171 382
59327546 171 3081
258108252 306 3621
242439888 171 4666
12893593 306 4057
149095831 306 4327
182174413 311 3735
14244090 311 1182
456902468 171 4327
178654582 439 5217
207834380 272 5217
28821670 153 5269
61120352 252 4833
110044499 307 1854
532926415 252 6396
540510665 252 6547
28074774 647 4562
5462189 371 1891
177538471 307 3525
25153094 371 3748
542575911 5 6396
78789076 432 3236
40435421 5 978
177146842 5 5252
9757922 302 1057
178652610 5 4925
52220345 302 4754
42056855 163 4482
26643054 5 1743
70659632 5 2251
427413722 5 6547
96662777 252 7207
12052468 1386 3923
498962516 371 4848
43984866 371 2908
16369315 371 2084
335810882 862 8645
426163757 113 3367
19558759 525 1966
105206892 204 3525
154696763 95 4848
131330157 95 5726
20487655 483 2697
212312470 196 5726
34052587 118 3136
300723611 7 4608
1955332 71 174
196937166 71 4247
325464 71 71
31431819 71 2871
387848390 67 5894
6525316 428 903
26746387 387 1809
226066093 223 5394
3000970 319 746
77866182 319 1720
44226392 816 1523
288120029 319 1491
38413776 31 1956
94528037 816 2293
25974201 807 1743
41228828 31 1474
5626764 31 2553
263463886 31 2853
57332343 879 1523
195695535 14 2320
28857274 487 1799
109280066 31 1949
672591727 150 2894
34609250 205 2109
639286503 71 3250
59321638 471 3518
132232368 123 2568
15760808 71 2790
34146830 741 2568
34972236 66 1210
41072786 329 2960
10929576 178 751
61974978 317 1208
1846940 98 478
17703239 317 1144
195131520 66 2497
36459065 66 2609
2161344 992 1822
63717401 178 1305
25664956 88 1305
18681264 1724 1724
5719347 98 941
138894615 66 3243
231620241 178 1812
65749685 205 1811
129284850 263 2092
33917854 263 1706
185358262 263 2092
77354610 263 1706
15433940 66 2578
2218942 751 1477
89921002 71 2162
244530 10 10
71173140 10 1812
97000247 10 2085
89550 10 10
267012994 10 4058
66980854 10 2220
150098685 10 2025
13685850 10 1318
40296681 72 3221
4236629 71 1274
13019300 373 890
26590878 190 1502
21532668 190 3924
431940 626 626
83577962 251 1706
2911501 72 1660
19261374 190 1724
372328822 373 1859
366922905 72 3485
14651335 373 1214
21987644 373 697
149482689 72 2960
26786069 373 1701
210082621 124 2220
13880152 373 1214
74629515 429 1626
88808201 71 1626
16458175 190 4146
111706041 910 2373
52820406 185 2373
126479092 71 3529
61191428 205 1274
4985560 1090 2561
58553879 594 1847
183917834 112 2832
219860458 71 2645
71772097 65 1659
64617747 452 2832
63778228 72 2015
73901191 190 2696
137855603 42 3463
29646648 960 1993
7781920 42 1746
133055815 42 4305
226814144 42 3003
102036273 65 3003
94870436 42 4094
243101035 42 3739
5183170 1370 3242
1101819266 42 5801
761095859 565 5801
67166959 565 4717
9215570 562 718
26337426 522 4717
113156819 562 3648
308754824 562 4436
104600475 562 2317
229644441 95 2366
37272988 95 1246
396737483 0 4717
6319416 562 2135
152900478 95 2366
93986802 144 4485
88752320 95 3232
103978947 144 4485
994585930 20 4734
63084765 118 4485
8238849 144 3452
195632649 144 4485
31057206 422 4088
2037507 190 2554
54557815 900 4346
227481582 20 4213
922540 334 3585
57355240 1516 4213
45265500 598 2387
14980163 118 1414
47635908 547 4466
21416660 118 547
16626038 313 810
3112098 1388 1561
167869032 313 3243
250404173 38 3953
85431140 38 3953
112163620 1186 3883
260053533 20 3953
100002487 190 3953
21442636 38 3989
149317302 259 3883
74683943 487 3298
176195481 20 3334
48730560 370 3498
268996951 259 3953
365212028 62 5855
49872322 427 3062
89365157 0 3883
70860624 112 3334
19238060 168 2591
53878442 483 3107
25417340 338 3243
161660103 22 4038
20035450 884 2748
635047001 0 4717
92376972 338 4038
38127594 338 4244
141185981 20 4503
159531966 0 3485
13344898 1046 2844
39302725 338 1432
93369373 27 3325
3585980 398 398
235345367 398 2531
2900611 398 2975
167888131 95 2520
4104834 2283 2283
46727182 991 2444
3646126 976 2632
71120 635 635
30168139 27 3417
4054480 173 1058
19770567 225 2223
122461728 552 3588
95122373 225 2223
83824304 22 3056
110520813 22 3442
59835806 225 2210
15275032 374 1851
233567745 1239 4706
41835014 119 2989
9040873 770 2272
215467973 969 4990
310531965 239 4990
17482788 1392 1812
2873640 311 311
299757997 239 4216
552598468 27 4990
72491764 225 2166
43802640 503 999
89179339 27 3884
2487240 987 987
735480 454 454
520275300 27 3953
418516676 170 4215
65229603 806 3199
106572164 372 4078
224476295 372 2054
33161641 95 2661
7048335 560 806
75485042 132 4078
171249478 132 3483
230785034 237 2282
188809473 130 2161
7749720 836 836
115443146 27 3417
238922090 258 2788
98652725 836 2940
31739730 27 3417
35838864 166 2184
317607861 130 3530
1676529 1302 2523
37665933 667 2184
24659687 27 2350
3376191 784 2145
338670356 454 3962
126177834 554 3528
176328666 454 3962
66266592 554 2648
459682166 27 4880
1412125 456 1099
98238937 122 4608
1130034 331 331
1809246 331 331
25631452 331 1545
63213585 331 3444
57325933 0 2803
40317198 545 938
798680 1948 1948
28096832 122 452
33209740 79 2629
2658560 79 960
49298712 79 938
233732710 0 5318
50790406 79 966
4901600 79 960
720288 122 122
2731396 79 135
13572011 79 960
39632266 79 972
2768280 79 825
10099124 79 938
44711515 79 2858
26934473 79 1752
175140507 79 1752
162647230 79 3163
36710257 338 2533
37912436 516 3104
299369753 99 4039
252067574 99 2961
65882991 784 3506
32931030 114 1816
226289556 99 4387
601630817 114 4407
22694612 114 958
161205984 114 3433
159953975 605 3433
4500902 605 938
181750390 61 2533
71791511 61 947
71054353 61 3736
305744597 114 4039
7589028 301 2498
51784478 61 1209
20253279 167 1416
1130156 626 3630
397350708 61 2490
267342068 167 3363
37105416 167 1681
13395045 542 1327
217562318 61 1886
13854592 304 1327
218341177 61 3099
7961597 301 2157
65430416 626 1620
132864769 61 2626
7400250 627 682
11491062 662 1452
14711955 662 1710
6234144 798 1125
48158636 582 1708
285093356 582 1865
68086532 629 1755
146121554 152 4643
32816284 772 1755
12572000 242 535
108259762 94 1915
23367945 94 989
17928579 66 3653
467583285 66 5350
163288693 66 3071
38165825 21 4428
9703254 1140 2007
955856840 66 6090
125981289 69 3375
96775404 69 1954
34401275 350 2309
29529037 89 1786
4550760 111 988
116276818 65 3741
112422989 69 3240
19824388 336 858
72130178 111 1979
229000003 111 4444
38704182 111 2646
7385256 786 786
63345760 21 1666
20383886 213 1777
14273364 618 745
0 0 0
0 0 0
285271099 651 1089
119187134 0 1089
11821248 363 728
14594058 111 111
42142694 0 950
473193 0 111
20795596 0 281
150100 16 363
2598288 111 111
825507 111 111
13259540 16 281
9433553 363 728
7006320 111 111
134942587 264 2165
1709948 111 651
250963030 0 2048
188311693 69 1214
81324061 69 1863
8936424 163 647
187640510 163 1857
49294839 163 1924
18214468 2142 2371
701054969 0 2371
181344240 392 2750
77962106 403 1312
356989166 438 2214
72521280 561 2214
20464894 542 2007
264520509 542 2007
666803681 693 2743
15841990 1055 1065
706314027 352 4127
1045167002 352 4127
432254379 58 4013
107835742 665 4576
421058609 827 4921
361168228 111 4159
6056151 952 1835
408837227 1122 5044
706894970 574 5406
327933249 520 4823
1581750 1104 1146
118683700 772 1843
161235254 672 6197
137776335 672 5381
588359835 470 6197
161322926 352 4032
80766178 895 3180
91108975 248 1110
132043965 248 3093
13449040 248 248
53094899 248 1215
24937806 248 1976
188466122 248 2885
1038700 470 470
182689356 170 3229
51611222 170 2147
250297433 335 3229
19186218 170 6132
91420736 931 2543
652124778 27 2622
178239928 27 2498
7177716 27 1395
1017893 1395 2788
442042868 153 6128
99554201 593 2596
117861253 153 4276
779461442 99 5551
566807039 153 6128
39075412 928 2504
46959649 99 2635
222540712 403 2400
312879547 153 6035
40133302 593 1390
226949384 128 3884
141390651 128 3419
237359892 99 4137
8901847 593 2232
240000 128 128
141650650 88 4137
65248440 2056 5048
489318381 88 5048
247452569 75 4964
41755916 821 2170
24821725 75 4964
263523200 363 5048
227097679 75 3821
64816928 699 1891
139407117 699 3821
236854540 128 3706
23922260 128 2960
150038182 832 4268
150983524 46 2605
211683804 46 4467
142139439 46 4669
220442163 46 1389
1977336 141 948
44441298 232 811
145394387 46 3131
26121690 811 1213
22949672 554 1244
131711143 11 2324
188327033 11 2948
312475197 11 2146
86924006 11 2948
168712449 70 1771
117716639 236 5157
23559262 252 796
35477533 523 1303
283340625 236 5157
160391508 252 2160
98910576 252 2733
34400026 29 2818
117070434 0 3514
353028301 29 4659
22528731 1019 1463
628165299 0 5157
147370900 634 4659
388972407 473 4829
882912621 221 5150
291175616 314 4829
129516392 314 4755
435748031 314 3986
68903327 29 1644
98927288 480 1644
18393102 2223 2223
35104608 792 792
150652249 171 1736
70335908 634 3986
119548554 461 2552
167897920 271 2805
199834131 461 6050
73790952 712 3008
197114943 599 3669
21132790 1362 4235
5301324 952 3101
571714270 614 3669
79125323 271 3826
82703742 487 3603
55057956 1618 2815
137050209 614 2716
642780 90 90
893790 90 90
97634022 90 1915
324265812 433 2375
448594903 619 4830
18772718 277 2398
100828300 277 2414
35763554 619 1099
24613436 277 855
6955240 205 205
216534424 90 5249
15731763 205 1795
34396960 736 736
256193937 0 4571
44408667 205 984
6475327 271 2202
184488120 159 5014
218552468 116 1659
21047527 212 606
11211888 115 912
3484671 587 1688
1608285 5 587
92509151 5 5014
53776948 587 1060
82834083 221 952
95361411 507 3315
193325510 324 3315
2845657 277 373
198964455 187 3106
355589972 187 6418
57903974 155 1816
8551148 788 2845
114540762 205 2397
32135003 402 2397
20502612 205 677
58790545 402 947
7855283 205 872
146099190 59 2287
71566406 257 729
61323490 643 695
70911386 643 782
32848680 205 1051
359192778 153 1982
49449419 153 1871
51527395 57 1310
15824675 57 870
22853882 205 2845
165201743 205 3751
218991431 205 3948
49973205 109 963
439321296 57 4763
9398322 912 1333
681244220 109 2839
306320986 59 3732
407706947 57 4515
224715549 57 2839
53818000 492 2787
378812298 61 3609
474794014 61 2839
138353706 342 3609
57936058 342 2428
144336627 453 3609
247439273 109 2787
239573793 322 2904
52340404 1253 2888
34344248 342 1377
861348 174 1029
199790234 342 4276
2707220 459 755
366335576 226 2904
84522936 515 606
259258994 119 2538
360967260 143 4845
76844335 515 2538
24108330 515 1068
415883343 143 5381
129953329 535 1380
95412436 576 1939
902493689 119 5563
190966439 155 1994
352134279 174 4108
623136415 0 4220
9779328 576 576
127579394 1010 4220
108309668 174 4220
169432912 515 1994
10131488 688 688
103328880 322 1994
110051424 322 1596
406256895 59 3053
6037208 510 904
350324868 76 2201
16400474 750 3687
441086582 76 4207
49049108 170 1275
22968596 883 883
84652947 49 2997
5004826 331 883
34543984 419 2393
217669765 49 4207
23607142 49 1290
1318804 331 489
10652524 883 1299
105739171 49 1148
27721938 118 797
49907120 1343 1814
186549867 49 2948
321903401 49 4323
15880436 286 286
192460488 118 1984
180391137 286 3784
97793806 170 1679
22702720 304 304
64990640 304 304
121135883 304 705
237286970 225 6410
224300998 118 1022
119425764 233 1373
247644 18 18
68447046 9 1506
42352429 18 1463
193921882 9 2392
54853494 9 1506
246608717 18 1833
57332276 625 1826
201872263 18 1463
224761308 91 2236
39953028 18 625
17534034 813 1559
51172240 1099 1372
20546278 170 1279
71963302 290 1571
48373560 290 585
64750988 330 1372
314801227 170 5082
189955590 266 2934
331655595 266 2934
60761759 233 2738
125791304 330 2263
55212316 266 1404
404552307 330 2314
37481795 266 1020
127919440 499 3008
45802760 175 571
30719800 571 571
187022791 175 3670
87769996 175 2020
238475292 330 2751
28161701 175 2620
60379852 324 1132
141308306 175 2020
76704258 469 2210
705335393 330 4853
178294611 330 3934
60434849 276 1803
8642963 276 1803
140853308 228 3934
40804035 664 3293
62834392 557 1197
299037652 664 3653
76615146 411 510
3152820 510 510
37282608 411 1150
393156237 411 3715
47077481 510 2690
103324743 411 1195
271508095 411 1195
134217567 621 900
78665300 763 763
1246742 763 763
61577676 333 976
118711402 472 2045
3025917 333 510
201906109 224 1700
330669 333 333
193485885 411 5082
77544344 251 3204
16513201 409 550
18736023 409 629
25757147 426 629
23383113 333 2193
304546895 274 2421
721102196 196 3365
24943956 307 929
29777392 338 1396
45743641 510 2690
208582157 559 2880
207236708 196 1859
189672306 732 1413
206510020 8 2003
214028267 8 2030
130060819 62 5082
41470532 699 2281
347866727 155 2619
123944159 951 2302
151204852 699 2580
353332620 269 3274
64235111 460 2276
166077274 47 3274
24799752 143 945
13222364 581 908
155662772 143 2402
72406398 143 1857
342577126 460 2978
355473320 932 4535
742530078 787 4535
458673711 196 4096
30652280 745 745
603542010 745 5465
533078230 745 4914
346435302 1014 4914
62262858 3522 4546
12680976 757 5465
80056560 218 2030
169201994 460 3720
27138921 873 1302
47643963 143 4618
245634011 264 3288
40466028 873 2905
218042680 264 4523
47682063 873 3041
114304190 980 3288
172125235 103 3720
263686207 408 3288
321351144 60 3288
87053626 60 1260
296947950 138 3956
157576513 60 2071
40984508 884 1141
8202763 212 1141
16433140 580 580
420807411 972 2750
30489199 871 1155
852918770 56 3541
7484676 871 1106
106404102 1806 1806
313292609 950 3008
5984688 1367 2370
303575763 2007 3685
209843541 143 3685
414621417 950 3001
42311652 950 3298
6223450 950 950
4877600 536 536
413569735 143 5057
236285688 266 1564
20669954 428 826
61914337 176 2052
88989660 143 5258
198679356 59 1287
74694697 103 1229
28556204 322 339
146569445 22 2094
204235122 22 2521
348132 90 743
61204268 403 3370
422989216 231 3370
228662915 62 2565
169117634 22 2245
67298301 62 1918
333512681 62 5258
130967502 62 2565
158225663 465 3383
303187013 47 2377
46911455 774 3347
40395047 47 1506
46807436 253 1173
72523095 47 844
167180689 194 1808
54169024 1444 2224
184947973 47 2592
167443646 194 2557
112804994 22 1884
74132331 253 1447
64657320 31 2432
340331075 47 3816
91690287 22 2309
590435180 31 3883
545194036 379 3816
159546279 31 2309
63260484 1478 5222
306012121 47 5222
449327993 47 5222
466126663 177 5222
8555600 365 365
5040236 365 2283
26653193 365 714
183296 512 512
5286071 361 1786
93770723 19 2992
255689247 19 1424
101782412 530 2167
42232820 493 1758
174673206 19 1329
28959456 789 789
458180305 493 2184
75262141 856 3059
330541011 19 2640
585491888 566 3344
768598008 566 3344
500867849 566 4019
37196100 889 1516
154087615 856 3315
26802722 1916 2362
220154594 56 3708
42298662 364 777
191671993 288 3064
90901566 364 1516
73125077 364 908
106904671 288 2351
218259617 288 3405
89790645 288 4256
1439940 412 412
318834612 288 4269
165274376 288 4269
360592115 364 3301
185411292 364 2856
23698200 254 254
146644551 254 1908
212961871 196 1615
116583242 397 1220
9624234 15 567
766568484 348 3314
16917534 303 827
10302331 362 3350
166609565 55 3559
93041315 254 1438
285149698 55 1603
161371180 262 3965
6879672 342 342
114220445 342 2477
207724237 55 2120
265645094 55 2120
63405243 303 1128
87123464 25 1128
48022492 122 3965
48587192 122 962
172855085 25 1246
522786664 25 3336
3802885 562 1027
123158550 427 629
156696729 122 1545
42328883 303 3336
11386189 562 1027
4396902 342 635
151712797 788 4802
416302083 411 3709
83381993 19 3483
235097519 686 2468
18418640 926 1545
144254375 1256 2388
138957620 741 2733
15468308 122 996
405489966 122 4567
5163847 122 996
82262899 600 1924
544061710 1054 6155
48986422 37 1707
8534508 854 2580
205714987 2254 5466
197043514 795 3681
46149917 741 2531
1057771253 37 7009
52904943 741 2761
42136286 600 1808
233472177 741 4510
320052243 348 3921
548630920 348 4510
9661642 878 1017
70805184 247 1017
15900192 924 924
13545660 924 1578
65860758 924 1771
18243206 22 1578
99948100 395 3506
220440966 96 2354
117667950 1601 3256
12251680 878 1576
8067107 395 3275
61984209 1202 3249
112667661 213 3384
74656089 395 920
289807350 395 3384
318633372 0 3384
194618607 164 2322
119583284 1012 2349
371082240 321 3648
73425973 2065 3306
400564777 342 4003
127776824 321 2774
314142526 117 5639
1396143391 117 5639
632016 11 11
130942986 11 1564
312352193 903 4086
464781461 11 4086
494077267 11 3425
417228545 607 3499
32834288 11 2563
99672873 205 2601
140480027 11 2563
80207233 205 1278
4286329 725 2108
275771142 369 2951
15071810 369 1481
146459152 364 2951
265945053 494 2867
134174720 2053 2951
10572572 11 1292
128535036 987 987
164832446 45 3380
14314248 746 746
72201603 204 987
72087444 354 987
91004623 34 987
822548 76 76
9627990 1187 1248
98429526 558 558
56358000 558 558
264851535 76 1576
62442287 694 921
50889946 213 1374
17755954 129 921
9174302 323 741
243230287 16 2326
64750840 308 308
138230948 129 2808
45333136 174 446
57946350 125 741
27411104 925 1007
8975590 308 1007
224678443 115 3765
178044059 115 1698
256846400 115 1602
46359054 308 1029
7820848 308 1246
56803886 436 1246
70547644 470 1153
50485429 170 1153
65439275 170 1621
460111346 170 2006
17109006 433 1168
13312374 433 713
111448405 170 1621
263378345 170 2597
37738137 170 1705
119708925 170 1621
16682038 16 684
86508069 135 3856
4467036 107 107
33345572 107 2154
8211180 1382 1887
266930911 107 2514
47670854 353 480
3241694 19 827
285960566 308 2013
443630454 19 2518
124191232 19 797
83714468 481 973
232438050 78 1241
41377160 78 1241
11621344 812 812
242777027 78 1617
100624105 353 1973
187069328 797 1994
10159954 78 883
12418832 78 536
234943439 78 1994
45579107 470 1851
424045335 78 2802
54282600 956 1858
12899572 246 519
112106736 343 2304
167799935 237 2937
78901229 39 2937
207022349 39 2937
11278251 277 345
31919137 812 1629
293637934 353 3754
257545127 856 3754
198135505 565 1848
79138018 177 1644
17353309 411 1878
103260706 93 1614
365005787 93 3754
250613000 93 2024
137659027 93 3754
58660144 246 1629
75016296 290 2083
74464477 903 2083
132503716 117 2114
176969695 109 2114
185550154 117 2697
14874399 290 990
4503938 691 691
330397315 117 4093
3651362 1171 2015
27750298 117 852
266453559 71 4638
4902195 71 71
56338314 96 1926
149555347 71 2284
15074444 71 415
131483213 71 1086
169656612 96 1619
26112706 96 1477
137135366 77 2290
139217517 77 2290
31168350 470 1688
46457348 77 2290
93206317 65 1961
115435940 407 1917
43798004 65 1086
12012552 419 1477
47112955 72 2911
52676192 96 415
83771385 235 1354
119772225 865 865
23034945 321 1495
389078002 369 2009
143415933 189 2047
343010349 189 2128
18252656 96 2128
211793339 189 2451
90295052 96 1587
36921301 77 793
107934286 328 529
200013553 43 529
11445560 0 328
161700335 218 1099
396703361 218 1401
47931921 304 871
522060410 0 1401
489121218 218 1401
479733070 0 2323
298072197 0 1994
356496492 1793 2323
1056715908 277 3357
44915136 277 1598
553607751 912 2859
109905861 805 1747
190403657 825 2214
20087556 219 219
39438609 219 240
11765880 49 49
26552653 1747 1747
105339543 49 2449
26198757 49 361
126508980 142 2449
147252973 142 2449
207879786 654 654
249819742 142 2073
112927058 143 998
174337294 143 894
27514608 492 492
205930218 894 894
321534586 492 894
383223225 1925 1925
320609940 535 1925
144317472 1279 3533
697437352 277 3533
1042840922 1279 3979
13061893 1 501
233807252 1 1192
55776309 843 1615
1222528302 1 3806
90666345 1095 1446
20230281 1536 2059
110851950 1023 1317
458141354 324 3115
149757836 894 1702
262660447 233 1958
347502395 406 1221
951345410 210 1430
232859929 299 2103
220030926 299 3220
572051030 299 3220
150495485 693 2902
294790575 693 894
245236761 693 693
464374202 693 1670
569578721 693 1748
278018916 0 1644
93726930 693 1067
7360805 115 115
196586997 115 1862
209714291 115 1261
352674300 518 900
546301269 518 3731
395164679 678 3891
135927168 416 416
295369235 285 1091
176800 416 416
632606185 646 1598
325939767 261 1598
97925713 1137 1286
408819058 1137 1286
561630168 1137 2256
475817755 1295 3087
54678902 2686 2686
537461919 1692 2231
30819330 646 1174
156142576 1758 3468
1274767831 618 4451
1054653601 618 5074
1188590220 107 5074
626124052 840 4857
652223014 107 1992
401409724 416 2275
139778710 440 577
327454766 508 3545
729295466 508 4189
200698862 889 889
658392875 889 1694
355034438 440 778
558196032 783 1418
620065366 778 2198
98901613 876 2730
542635484 135 2852
852889507 508 3006
843683399 556 1916
171437312 36 1916
52102674 7 995
34260130 7 947
582018281 482 2762
617646275 1311 3428
288682255 241 2889
223060240 241 770
66784255 174 770
200350301 174 770
1493088 151 151
303423407 151 3145
879710559 1226 3587
723628802 217 3587
351371289 217 3587
933105426 217 3587
203431098 326 2026
16807626 6 70
23481850 70 70
246334924 70 3152
102987632 356 1180
69403112 356 1180
79564315 356 423
164627848 356 1180
131053756 356 694
1162753319 423 2159
545400317 572 2159
524297220 1335 1335
279335491 423 3694
337022210 1335 1790
208490507 58 2009
29732656 58 58
290113774 58 941
156489729 58 603
901989607 205 2489
332920245 1929 2904
82774104 849 849
62222163 1047 1047
182717080 339 574
101207094 339 339
162389727 963 963
583584802 41 2054
1265710337 41 2971
1249820994 41 2971
765038272 41 2971
222334686 339 963
627344379 363 2692
142676463 363 958
96917775 363 958
220525414 363 980
236681007 363 980
580916585 1325 2461
1299470362 1279 2871
269774848 1886 2372
375369210 793 2332
470114294 1484 2578
115026649 2909 3345
782991667 382 3796
74835736 809 809
402251657 408 1357
408803128 544 1376
6439167 571 571
89069154 544 782
206544 52 52
262878107 52 1075
113314620 987 1419
412942110 1015 2285
54657975 1272 1954
851976273 1569 3212
326180032 1672 2578
224015971 77 1241
88289679 69 858
689521338 957 3796
299056197 957 3714
1116703838 730 2623
709924016 780 2007
157287921 952 1733
176952603 0 1644
158373572 508 508
17323443 369 369
40108455 369 369
145812150 810 810
18182340 594 594
418476120 409 1081
650096480 369 1706
12934520 1910 1910
347031814 516 1134
116442624 2064 2064
498693754 347 2542
70600967 347 347
91328610 135 487
187019488 135 663
126407257 887 887
88971495 570 887
482301720 730 1986
59248674 1264 1986
94595307 78 1535
23611072 152 152
85704456 152 700
14606768 364 460
101803047 152 834
132244163 68 1208
47111106 1706 2016
572589815 364 2098
231918469 1706 1973
1018235668 1706 2283
463161486 673 2057
43866191 1086 2485
667717146 366 1669
647970777 963 2470
132301630 1669 1669
338920494 1282 2470
99424085 190 1947
119495582 227 1538
199432358 48 968
126569285 227 968
299894696 227 1380
115870080 184 639
190881119 184 1125
39374976 412 577
10327736 184 184
392764099 973 973
754807301 886 1471
1270782637 0 2266
256094994 86 1310
223205849 86 1310
52126400 165 1310
138468988 86 1638
33646128 119 697
183041600 6 781
145885296 119 697
591857905 748 1607
403498294 233 1499
689067532 989 3253
11808615 455 455
46441676 404 521
47567190 671 671
712709223 209 2532
6136811 601 601
31651600 1325 1325
442885368 633 1590
198673512 773 1325
473333290 768 1727
9236480 1760 1760
358935542 2893 3662
381041095 925 1745
1103356904 1157 3662
461316300 925 3262
272294760 418 1745
457714669 418 1745
328934400 418 2321
29930700 890 890
175068139 143 2208
341126952 143 2208
142018851 143 1644
255357756 143 1644
420861099 143 2208
130118520 432 922
400925492 143 1644
186170369 391 824
273387235 143 1644
217599579 143 1644
176957482 755 824
614601165 755 2563
620625972 152 3278
953248502 347 3835
763176354 347 3835
975411159 285 3835
419030737 1055 3023
289801492 701 922
237809749 701 854
275880839 701 854
105927360 701 1093
122247693 701 842
617515531 610 1093
332735688 0 2442
166427129 525 2660
44742796 701 1001
966440245 555 3016
428062229 555 3016
195912925 977 977
134422400 706 706
350264188 248 781
188371137 2027 2027
993286979 248 2467
52439454 248 602
36097112 862 862
32019285 1655 1655
759144698 587 2392
727002131 587 2392
635059991 587 2392
17302702 587 1380
8707976 569 569
250395032 569 2467
130967962 447 761
237634496 92 878
352042216 734 1574
37380852 324 324
40616624 734 734
191550582 507 958
457876903 507 958
281106043 507 1497
513221748 45 1897
682626409 480 1552
500529506 514 1552
33947966 514 868
758385736 514 1552
175636041 514 868
458659495 514 971
19024992 514 868
311662110 514 971
194426048 514 971
196070526 101 868
549528711 101 1414
146488015 101 996
416614747 101 1418
731863609 101 1932
814677329 101 1932
586371028 118 1932
256033392 957 1773
346981490 2335 3380
1421798051 851 3380
1508745565 851 3380
513864939 851 1930
416952636 717 1567
18432264 382 382
684359144 382 2194
987092867 382 2194
637829807 1054 2665
567214978 1201 3196
126366644 3196 3196
402897644 4382 5031
948040742 437 4489
323160578 437 1675
42519216 269 269
39886997 863 863
1752652 1306 1306
64076400 765 765
140739535 437 1137
327570512 712 1306
263227505 437 1675
55121820 843 1675
257793116 58 1306
124525929 435 569
481326432 58 5013
513748778 435 905
196688175 905 905
12822169 569 689
7188767 97 97
113084625 97 905
86181220 1715 1870
248942295 97 722
135898461 535 1273
674637154 766 1444
142188278 329 766
59946666 97 766
75571615 515 515
148130921 686 905
249990489 515 793
388616864 1356 2421
920030283 1473 2760
106568511 515 1473
44017389 453 1695
844393067 882 3189
92363907 42 873
374020231 346 1587
47224296 756 756
4633248 1002 1002
106752793 538 1002
175088736 640 1002
318462805 332 783
81380535 312 999
21554612 202 202
21025904 773 963
115607205 202 1516
558423764 97 1516
456053911 202 1334
490452953 202 1334
397147493 730 1738
1367341579 202 3258
1337478285 15 3621
1654897707 202 3621
103074933 115 1531
349001570 968 3243
698739876 202 2019
3362850 675 675
450187553 559 1584
324232666 675 2019
455872412 1468 1584
108901818 642 642
369748986 642 642
213074440 1145 1639
179616871 82 1639
258486222 82 1136
847396845 836 3287
541815 15 15
1615074341 217 4542
73069212 1028 1028
258121003 953 953
312159757 22 1691
37376164 277 277
1323669118 277 3629
1999061598 277 4609
1685188945 1962 4609
1475622157 1257 4609
883305427 1962 4981
364923823 170 3871
1424931418 170 4744
838933228 1043 4744
347040714 1043 4744
1364293168 938 4744
84677433 277 1257
507848048 1043 4744
707117928 48 4454
675136231 48 4454
187426689 938 2823
170664700 850 850
215836299 2229 2229
451288629 1162 2682
667099279 587 2805
199995346 587 1268
30496516 116 253
551464 116 116
91433066 49 1108
17460511 49 116
122956233 49 986
158628717 49 1162
136615691 49 1982
194406269 49 3002
7999348 49 49
27198104 83 83
47252753 49 83
56536356 743 743
18910875 633 633
114835695 633 633
72388343 491 1365
149083216 83 786
325124635 1184 2058
4244265 633 633
198862780 83 655
125639394 447 895
262259752 633 895
658915560 24 2058
33523124 491 508
25839381 491 508
469190615 309 1121
231531298 549 1929
1197952734 83 3331
803605987 610 3086
95231679 7 759
783776956 843 2517
98608081 929 2148
924914607 236 2517
398631543 236 2517
544894044 509 2838
174063134 842 890
1356148469 775 3262
748241003 277 2344
617023161 392 2344
203533160 430 1771
389757059 430 1771
258623085 744 2344
14005530 430 430
111600923 1442 1771
118500270 755 755
47663427 833 833
665791181 93 1414
153830278 898 1414
398762823 93 1846
27248014 0 905
798320202 551 3106
255361444 840 1549
205801683 840 1137
258624837 840 1137
60085040 848 848
70447383 1137 1137
417607030 764 1137
190881580 764 764
129907884 764 820
16492608 751 764
384749558 486 1280
408794947 29 894
286556985 486 1280
107012058 654 654
341834345 486 1280
82279952 654 820
496443261 656 1515
629345068 288 986
172354794 282 806
87377148 282 807
313079990 362 841
526198523 29 1403
311960808 362 848
2827185 255 255
28488786 255 1213
70331829 288 2096
446790402 787 2684
122079117 863 863
39193941 817 817
325788448 522 1940
185992491 633 633
105697144 599 599
273276342 522 1940
147518158 620 717
431783517 1095 1432
385749154 292 1432
162169058 1095 1432
507383856 258 2050
597955969 341 2099
940498068 1776 3738
1363580172 1108 3738
243343322 568 1502
632475638 561 1927
352641449 561 747
247251200 1400 1400
274876315 755 1985
8567000 130 130
72680930 335 335
1014728449 335 3829
185391724 1834 1834
319290985 776 1361
161665228 776 1444
3848130 897 897
901785629 998 5612
92709441 996 1097
1192134057 124 6503
780738820 124 6503
682223763 124 3759
1587052984 886 6986
120023344 812 812
661614467 1536 2499
336022043 763 6986
513079022 1668 3685
770843411 1657 2620
663056602 287 3670
446193411 162 3473
158715079 1049 3473
321714994 162 1209
663357569 987 4298
99051820 899 899
94036299 899 899
1108147059 21 2513
324256993 90 2582
411924887 239 2302
43570072 679 679
816940804 679 4606
58789060 484 484
317004660 790 2279
528757440 484 1171
49052159 484 1171
198789269 983 1431
200070384 885 1597
324736945 885 1787
59094105 885 885
20392093 1597 1597
242924265 440 1787
57479261 799 799
306829224 799 978
87516056 799 1197
24444786 186 548
11097404 394 394
307247461 186 623
433670243 199 804
461436447 423 806
3084516 423 423
300840816 249 804
314765634 322 1000
244043866 804 1191
316744003 322 2095
49856548 322 322
638114434 322 1191
228806106 614 938
182537564 322 1191
22167216 1164 1164
239793252 390 1498
262923354 322 2095
14524080 1168 1168
325329960 199 2185
605218649 711 3095
160765550 1300 2761
49851000 764 764
364255061 305 1353
668629224 1090 2138
170119939 38 3222
138995135 609 1379
861048662 215 2038
213300974 511 1153
170847371 944 1587
836571 431 431
76606544 944 944
22197280 1120 1120
63319306 654 1842
146962129 654 1842
220970979 199 2447
135916025 779 779
410699112 962 1585
297143718 511 2447
807322613 951 1879
44397435 951 951
240613030 46 1706
313408593 46 1706
1277316810 235 2610
120850243 86 2068
1146222 693 693
144527725 44 2577
129767368 44 1018
208763109 873 873
80548581 696 873
170502138 873 873
387975032 920 1929
14773407 1353 1353
118555528 696 2167
113891872 1714 1714
301612908 159 2464
233090620 133 3398
909068644 215 3845
991910954 577 4172
606035211 577 2722
484069558 1050 4172
8738576 574 574
722236879 520 4172
852817951 905 4557
380445456 812 2019
1122921347 905 4557
848955458 905 4557
110149998 324 345
110287566 69 906
48390867 69 233
96034722 519 519
668816833 345 1646
634004608 486 1724
180926406 486 752
102034936 192 752
570745947 215 2167
82424484 486 857
699456722 124 1608
112181737 124 955
69346656 1334 1334
495704310 124 2144
172924146 487 789
402456422 410 742
301217585 410 742
173328902 410 732
145811107 311 989
141933397 432 1351
131260162 311 988
41831414 70 432
215774212 988 1289
