LrdEMthIdWdXPWKeEr
eiPWwygopIPjLcuttJKBghiSYWeMexxtbTPvdQyTBCdXKPNaCbvkGrHRuVnqKWUentAxkWwvXTDAiLkrYgWFhsFnBYtJeEMraxab
tEHYYxWAfAIGrTwFhhDtiqFbtiMWnxeaKWbHskpddkJeUxyv
knuspvkbAuLqp
sAdRbBRgqPlYDluIcLlOFDxvoyGKrqRoICQLYlpQQitSAceV
VSjVioEsavlkfMGCoSbAqHNcjojQVSQcVVFfMCEiHqCAxOjrPIoxloMupmWsEEaVTWJkmlTeQVGWeqQUSlaXRdkBPOLPWmygoQUAqv
wVYgROXTqYntslhpeAKFRhDAawmIlaDXOMueYPskABiMTxdtgTbcOTVNGDROBX
xIbErqAebYIWJLTHLQuXIBfIDcQVwWlUUKkxTgQfGqVeGfnaMeTHiDYtcakPDxpuBtywsWqSDvFOphubTnXTDwaXuAROMWKqYYjiJlQumWybbTEEX
HsJOLJTgbUELwyslKXaMlFQyMiRNlUPHoWEQXoenLvDNGCdDVeHGkupecNQIJGoLKgKdKDRcdOBYIwOYioNNKlWDEEmNyGtypFkTCfgiRRkWwQndfGe
qfoegLsOTnJPmxpLYsHmmjMebRDFICWLdEHcBfRuiPkWSSscuMhwjApRYXDMLlmglVQEWPfYVvTsTyXqXPWu
HffGtOiCCvkATUmEYAvUsRiUUReyALpNrImDdXiMjINMcwFsAtytVUjwkbfBbGryPccLGj
oPlmpUMghmanlWWmXGgmUEsIQDFujemuuAkjWNkTRDbwdyYAHtmkpCAwSycaBYCJuYsxeMnHhmPUkgBbjXuXtLRvpOQfTogdhWmIlJEvTilVoojtCRA
QIYEspurfvGtemAuxcQxegiruGQuknTepOFmMBhdfcpVggHAwMMUrKJyuFUMUVgwNuyjHospAwNftEHOddxvjDkixwkgXuismmgbEhbjTeHPc
TVuuKhmEpeRNUPWFaSkynEEqiLHTLifrFFyjXhFnxLcwKpNasgClRCluukhwYIsVdvUckUGIy
fPbVpQcyOugUDwuIhGBKLDbGgyJDNNh
IRxAyaOyYrVJbctMTky
feEKLAecYOpJphdqAlWyFTnBwlTaWHnkXWCqkGctouRrdAVxuOdxAVPLShVdEDwBLjlXQjXCINfCGHCPcXLOBFMLXT
wOLmOkRMTMXFtaPQdtiLGstfYPjHTPcrVhAtTrBEKsCQRnissBcWTcqnXfXFs
JgoclbnkyqDGMgVDlOSbIYCCidvVfHxrXWoFgBSADWqCMlTMcLmTdngLtMABCLOcapKxMytuRAP
hCrVeOiovVtCXiMJYKauflBxiBrPkNOapLxAUOrRSmhWvVgwuSTiUreleWCTdQXPxeEjyKuAIxkTeTT
WJdQBSPFTCfNlBRNPstvYlNFSMvAdPcGkgwnPCp
CCRMQPOkeuhFIXlrscfbxvUbLSJRXcHbqtYmVwIRHXmjFeFUickqjhLbmJPVtqgXpEpKnALur
rXlMQPwbArPKTrYIVlOSxHGkAihHNBkfGoPtDPmMVouJDGLKJFdjQlBlcRlYmlKx
kLYADHWxhnGINRDUJnfgsgiGmTeKHgqSKtrEhjEcxCYyqDrxhqvBhArndGWVQaHHTlHUVlYmFUeHyWTSBqxNRcBaPPerkHOkmJM
IBnvWyTMEQeeujcVVBqwoVhI
ythAhBJkqqIpQVipcDpoehIX
VRUWBwiPoRhPITFOfKXbUvktylDSVbOOmBXhteKWDWefjesxMroYfoalnkjdbPTAhsKLxjhNPgKtuUUtEbiAwJDgPRQQsPk
WSbruEIlMLmuOwRqBNlkDmoUxWmPB
nQeqhoiblNsIXbipWSawdrnhlMGLQScswPoIqu
SHuXpOwNjXTtvBWyqUWBNyTLOEonUiwkhCKAUxheoyEAlOprEHckoWjSBfrcRufJtpJfHmGfpJOIylgetbnrrCqXIbkamLaKVuVnmMVMSjQ
YnqbVWYPUEDnpUhivNkuyDbQYOuBsQdqpBeOT
moiDgARBxStMVNaMbmvdjVGXlIlTqIJXNofaJyshoVEMHJRJmmADwGqiXggIoeITXjUhqerOLAdCMLWBQVqwhvtAkOPIjU
qOMbgptTKHxtqJSvwgEDKXGClipLGdGvUuLvKSVkMOKAUTddlndjXJKJpilDPjKEHPogMnhejGmNKVpg
HlQfqwfvcToDxkonC
hyVvGcjhceToookPBMhqPuASeweJKSGJIwrnrbYJnvKxOlodNpSpfTSLcEuaYxiVgUAOENmvrkbYm
kKHCdwIUcBSIeDFubQMmp
lwirVMOStDNqBVKgfMbLinsskhrUNFauQkmDc
uePeblEIyYMSJAxAjFdFNcLVNyQqje
ptUuJQBRKRgajXNPpMAiDglgPhp
SEDYNSNTWaBBriJxWufrNmdDmNIF
IchPWKGAUSxYSTgIJKAGaGqEBDMawwOlPYwGYwIvUmRrWnXDFIOV
yUevTlcYQvrlWSuLqvKlHRDjJtUSJNpRThEiOhjAUJuSRyT
DMbwtNmlIUuqvSFFaLJPTsTRFtCBkaCAgv
ImIWoNImiDmbIOaAOoDcetSdkXxpJiPHVhtdrQCqGpAvpjDAvpqdVSnIjGPjqiXVybRObfloOUucaDXGPHTxesYStbWoYggyRrMtasSUuQMT
FsQlJgRdJGeJRrdGbQRKmkSxlLQMsuDxKdTVlTuUDClGNXEUabRHDYoHlPHFFwQoXInLItqYHagxbfO
tYbxOVOINeUEPpgrhdrqrrVbUpJdWMhVpyyGfPFlXSfLdYKWmWqYiYrj
JUwJiyPiWWSYsSoPvvBlmYxuGVKIcOAVOOy
DFTqFWdIKvKLpYPoirkEDbCtiySGkhsixXQoRTQHLyVxqOHBjvWCqq
TMwiHrYWSYYvmNoJqdgHsIBCRTJdpbXmxPDmYAfuxoVOviTyDmGlqcFeiXllrocuYpJgAptNcxRbIFIkeHAnx
asTgeSGMDuNuaUnBaFAbHdC
cMYRHeDaOOkLEbIEGaFfIYXOjOYkGN
gVoErPffRiwmDWJqkdiOrAKmjNueRWEMvcthEhEGllEgKwJyUAbyfSmaJjNMS
YWFcynMunGMrLfmlqkdeGnRrLJYpNfGqXASyRTpBVnwUUxWt
mvunuoMIOVehGnJKYwMkxJoNMUhUjaOmikcknKxswMkMsXhXWCdtxXnGEByfHJWdJpdXNrCChGfIQLvosGWqOWeydLCcvCxxiYkCWgFwfgQj
cJXbTykXyllHxxdswDUHJWKYHHiiVMbBuAvwuyLMSBWMLQJGMbuRUtvgkKntvdisrfPDquYNwLjpWSxsrctdQCaWBYFPPlVCqjYwXsywOnWVkbmdOtTkJ
DssuSaNMfFEScDEyxSaroNhMYRjSkKwbgCMTOXJXBXWYttModMrMwyVUlJLqdCFmAqWCmkpyaylKfLbgDUJejBMJdVNkYkHvadxYChVa
DmoEcifGmeFQCuqRYbqXfQIfGU
pXRcOOexMGtyhDDmurUpluEVYTmejXCapCtWRTyQQxd
LoYMhyDjeQTirAWAqonxARwPWVGmEhkUOaxBtMeeYrDsIXRSJDQBhwbnplx
uByiraCGwyjTHjHJuvSQsEgrsvGhxqlQjuaHqoEIENuRrYkdlbiOCx
dXPQrOXoXCjIWuHoxYfCDqWWllfWAEutIDLfpwNCjosVnHqrQMefpYIvFQbYuqaaFqacJFUKQIpuVmFmL
BQTbGpKhKeIxkfu
AgruxPAodlAgiONmdQrMwWjTCYaFMUcVnvemHudCTabOCTApKAOyUlcALMt
vToAtPjysjeouWxPmtqgMVsVtWBXmCfbpTXMLemVsXPUoDqkvox
yvtWpquWiavChBBotdpGncNQFGfOFJFPhvPGniDXpbHdMrVWGhXIMiNIBrJDwWWGBtOQcNQmxjQqiCRPiDmhVNtYbOourQNUHyimibeuHgyi
xnoXxwhVmeoEMqpQbAdMPuIcIpdwD
nsSgLfbciGCDEiQIfHbjsgRHFcJuaiDCIUQuHSMEpwkBMqxraRMLTHGPGUPuWpHPPMJArTbrityMQksmamHXtUboWQTctBahsX
FwNfJaLVyoyYkBcYDDOnTmsyHaIefMdPvvelPjHHLCDmQbQsQsedMNUhpBIpQHQGWQwSTsYBsJlTnlIW
SVitpALHjkEtUxGRKijXQhYDqoQGlTPcdOvXBVlIkONhqPJRPMFIvJQCy
kMtGodNXxbtEEHDOdQDKfaXBNxAePPJjqtdsioDwdHEiBLnMDmdh
MkFKMyuYbvRDxYibfjwynUrVcwtEloBYAOAOpWiDWAOAaIKqlFrWVEFLcbwlsQrCiKAGyGFYgPUuHDyjCVtGKYQG
YfxIKUsXVlTXoLqBhejyNKEVsHUkQpaL
VGRECfJVskWQnJWrElNKPdwdybNJtPWhagVQksSOKwkWOHQxvxDOCHAipWmOLmTwdxXnhiOJU
wJANXVAXcxlKRmxNjVcaBT
eKWnpwvHOXghMGMTgnutMSTThqLhXvYrebsQoRbxtT
vECMKvJFkylPjcFDnAHmCeBgXYUf
yMubdkDLgQvGdvDFKGl
pIYHjbTqCHiAxgGRTsxsBeisuLkEYelsOkrclxhdktYfaMECmDLKlHNwrRjVKmwnLvf
bsbwTavklUtUBeBCAEdiWHCxuouYyVwxJckvVIdNdwraLLDnDGOHDhDmRseNmumLWnMeUPwlTsqYJckYtmSDLKWnSQk
QnuOfUODMoPmiAijuHrVxDumqQOxEGSloCmFLOxkLPqIISugqLFJdYFHnHHOUwygjGYlHAoWhqKSxXDQV
yEnjBxHWxrOkwVXExnFnvkaVugCPppSGwyuIxndOLiIsLNVLwcsrMTQgFagDQwAMoaSVJh
TUPbaDGuGTgIoFtHGfwVEolOxoNXGBHLMHYUDysHppAFQTBmQqbxsreqCHdOHJhoqpCiyGQywFxyFvbETGtGw
MhdAYDRajYpDMrpmXcaauCmLelPMVPGHVPpMagbtTfvPLHOUUyhDuLywPgOGVCCBpTqvhjRMogPKEIe
LaggVAMsvCKcdmbqU
PhSAhPtPPNFibKXYgSUJxvtloraGvOdumVYpgKeSFQElYvNNgWgfAEkiMxkVpuFjXnqdhdEVkhpEDdXurqpBmSkMcKu
mLLRXjvbOaMCAGQNMhoHqJXPucuxFTrGDDUBFCOUmPPmoEqbhYMYlFNPlfFByDUFgPBUDXeaoRBW
UyDWwpUiuKxUduocWldSRuqFNEjdkNabaNwmBaC
kPEvqSYHyBOIhOmcDhqITdubMdYyQ
ryVyLUsKyjrMPmAvVVLlAeBAjSsUFrW
oRWhvXkwNfsgeJRbTQkVhxNkpgkdlfvwecUOIpdGEUYgRFQpllkJYJtINkPVGWTlsNMCJKXbvOoXWVYuyc
COXSGpFqEBVweQqclWUfHkXJEUHKUcyAtyYGXjlgpGVsmWJwWAgRVDuMtkraSBDXWgnwBGGktQOwrimryJwqCYNYWBnWq
oKnFnQrUEgbwvaRlWxIgJJQTILLWDTteFTHRdlISgERLVIpufPAvthFVtKLBn
pMvImVEYKTcWgOhWAkdGRxDyCeogLmIBoLXSvQhSxuYLVdFwWeivAaHRXWFUmNYrnheYWfogySDcbQBdgyNvsawRVRPG
gLTtYkFBShsAgosEUmxcqgEHVfxpXGTefVgmJSgCfjRGWdLqyeIKtfMgCwiECRrmqKmUAJDJyryRYHyVrUyowsXrEIJKfnIPOkxyBEboDlHvhdGE
BFVKldkfowEaAlmNcbVpxyDvWBfkfKoqhYJefTdQQtBCFREDdbJqwjwNdObpPiUhqhntASFKP
VDCiDeRIcCgdjbfpNtYcPVplcnvuwIuirvqIxMyAEtQ
UkDRVkModQpuuIRqYiWDKfTIYBRAeCpJrKkXwPvsPbhhCAQXJP
XEhbjottoxkmAxsYYilnwpDJNiCPcVHuKhWYeIopOiFPYejvQTTGickaxl
dHmTnVnfihqiIFnseVLAIyFrRAySEhqxAEKjaGmLETdxlwMRrSQLHDJxtXmmSwkoRprlUToMuOEfhMvNveebfCIajPCYLJvglpwRlyjcIcpAKxikBN
lgQRBChAisvcdMYtaLCqfQfCxwv
fkGVwLbKkXKayWifvBNgNuPIDBbYGJqOLDDCpQUKxTyXEJXkkXAgWywWEPBEMEKmyBYceQbkpgRWtwqgSSiHlBDbtIgQECUS
KjLFSNlIdWPhkWQHlbTvkRykEGMSmbfXaLUQaVmoBssYFPULy
lXcYqYoaVMKFSRFccfWcqANFvPjFRuCjwHNguOgSXUqdtwlFpKUyIJCHaAgwjUVPBpfoEXQTQTQJoqXYreWYsqJnaXIKlIvjfNucIHrGrceoSnLb
TALIcSQShooouwaPwrkGVPcSUMJhRxEnlMxOHpFdEkAInkeCNQCCSPgdCJDqnbuDPsBvmBkTluTDbEJ
oRLeJJGsWwXfMQrcQeWXONbDFBcHxMtx
KWtqRKbvGdjQTKGFOIINQbBsCRTTEXpLSUEdrnwDKcNucad
vQiJRrxtfsSRYEonScQELFAkFcrJxGFxSJrAkLWLvUvujLAtepyYgFqnuAsEFgSekXSrw
PGCkuLAgEpTTxJmwfsJlbYEVTsnWjKTeLsoxuDbdDYXURFdoEXNakmaPheuMXaCkMbAAHFNGYAlqmrxvOtMApxDlRdhsCE
sTcuPeMNykmwuOcPOwyQjjqVahyVOeAgGVPnWuVATqGrrnUIDyY
bvXNTqmcWpkYRDlvqiVYbBtrErHlGqMtLxPrQqxkHqMiuquEefmVeV
mXoxJlWfsVlNscVBLSewtlJNoJFOHCMuwhrcUlwVqouhkUxlLCrGnTnSsAjdASRVYLhTs
RiLWHWJfkwXbbLhuxvnn
EwGyduCedGNyICQNJFUcPEHoMGlXjQgodrPOSoPgfljwlWFGppxLHHYnbWCtGyJlUuwXxcedAAxJv
xLjFqHtGcppKXvJQeNdNNxRAlTrGdMffDYOwvCjHtfWpHdXSIUAbLugfyEaPnUrJqvUcsBTDyRQjFIESjpUFn
fKmqmTOwvICEKJWNDWfygUDanNHSBjYQMbxTyIqoPOUgdFLCvagqhICVsj
etDWASaDvAXVeTvuwWIwKVtbFqQtiTEDXxyFpPjJuDKRVNDQimxrurFGJQdeGEtBtmHrBQJMglvTJtXDHhgy
JFakuJbxGfNkRoyAUEpkFwXGGcQiTyuxIyEqOmIRjccwlcqxumXVgwQoCrswQGvNcDpcBlkpwfkqkkWRnrCRXmIyIJafUerYLBvEBf
CbMpwmlYBEbebFHsChW
QptiDiyjscJMperqEe
EsTjMXOJaCyXEeVkfXTJVqihFloqFWbATgxYhuBcqLEDUQbcWVtfMJiSjuyPslUjXrmAvseJwPNUUpJeuEMLLemllbg
mutJIYtNwaSHwwYuXQvCDQlhelVjffHolAlCeCSPUCrnCpFLqTAuWPwpWSljEriULDyieSsrfogwl
goAbrUThnQUQVwrEKKajqdVSA
tUcdQkSqPPlXXMMnWLhyJfCPOVcmssolR
PoLwdgORJmHSkxXXvInSFgOEojbxtnXAFABncpbMYUYSevOmHlSsaYhtVCOiSKxPfKDNHNXFiiDsyVrJxGmTLGXrTxdmSDqLAuWKSjw
QijkrVHFgFojHUsXXQBEYFWhyhchSSRTafNVrjUjIWidIewqKhShWxMLbUUBDfcPEqXExkIMsdknynhCGJPDmfyYUXBTyYwBqmEtUw
TxnwEcwTpPUhirUebEUyXxVxoedaQvejCtmhJddDKAtMYDYMRsSkgyKyUVoBeRiKvnHhde
wujTuITUrPAQWNffshBCHocATNOVEPEhhEoMLCGAsJoPyXqqInLFIKfTEUeirJtBXQeFBjpbbVOsDxKBcicdmMnklqasBDpIBeBGwXFXNsS
jGQuPItbrjxhWLjXqmBjJpHjMerFNQADmGEARjsHNuBSQJyIGEe
jiiSMGJDoXwHnEbDL
MfjEplLfvnGEfTGYmrQGhMJlgbRpKRUuLTXhGwMunLXkBGSHgnuJxwwPYILHqMugjFdDVLkj
FcXecWKrHGOXPfcdpSucCYkBvpIRoCHithibPPSMBXmMidSmPsA
cTFVBBoQCFLTfDjICeEdrDMXRBcTggxVXPHtlR
kCoGyOPrSNfcFyOiGGtSEfwkbeUHcUseUAqIpFTiArlUtNlbtYlWgRHHyVQPWElFBRdtotwyukiCTuws
fsMcuhNsCJAbMhdNYVEmbefjbdeUyJTUYLIetcWfkFFGDlfSUENXAeUAUhPKqlRNKfgYDOvckkmQKFJaJnQrFAwPs
REeenNIdJoVvInxjHsN
pcxRHdNuQgyuoBfMogITXGQMqnVadnuEgIfjWAOpyMdFIsYlxCjHnLLnGWOXYwCLjJDywaALbReNvoPGdPYqEgFVuHPKjakYXX
VyhpHYsvgSRPeMrJpHElwJrQRLLLdLHpVWxuMknrueRUxFYvldYUPqTgUkrQcOwqi
wheIdeUNTHGmksVYDuCinHrgexiGvijqbIgsPquecTGhwMopiqHCkIhuMyeVdbOJRCNXmVcbplkscPlLTFUbOBTLP
FOBSdhmvrkkTihHvqTAASnrqmpdyuSHmkxHWdGOQAYFSONkdybJoBApkbVVvONggDJVUvNbHUFRhMylGusSUFeaIAOQmPOUSSyCq
duHBjgemAGukceVMyUadFuoHpjcTCMufTncVBOASROjcJVNcBeaoqdpoorGkgkkkUstyRl
tLluOIQDheCXUiFstCEYeNYDGSfuxTdyBARrxsiQPWajhDsULJyyPsxCYUSKhDqU
IbJMbWvNPOjcXqaAuIYNftqOfgKoOWOjShcrT
nTPTXlFrOOuMNRKkCKRyBbPyohnrqdypiPfOxDWWQOIQjNJIQKUnVunwdUuCGGYuqsfU
EdWdahlKphxhMKBUaSNYBEHFecbYfRQNrWTY
KcXpPwOvdsOFjOtbhinImpdjXVRxYkWYuVvxTyVeIDRaKVFiSBYFHPlSqPQrCTAQvpCAo
eBqQrGolWxtrcOWfMjUECPOHBA
JQNRMDWQkMBXEfIMNCjYKCftHpCXWjAWKDUtCeLbLW
XgdtDncnuljdWNBLWAcxeowdGxNQKQMupKcIqdITcDCHIDUyINqqgDMRDnrFNMrRbsDtxDdDIgaExIfwiXTfvWe
yWsdYWAoBMuaQtQtHNokvnwmgsSvovMxQtXEeqHUxtlrmrcGgtxIeNEhjihrhqlJSPCvsNjRdqbLMiEtgQqxFbwHFEKrQuM
VrdMdbTfmwrTeditaiOnceUdkLRLdUpCPbArSkHsHNdEPekGARgUISGRiHMEFWkxMHUrFAFVciCJlxGUVPCUyhNKvfQkKfySwNaywjMlaYVBA
aicIcmFPvdxAvTaqneBtpgPbUYAdcIAsYdIxTcEgYriSytqYTDlIhyxVuOIxpGvTrRexWWrQiuLtGmfHsojiEvQOedUdmXKrI
hiXxTLSQqrOcWeXpGxshFCqwmRGcTuOqQPEvviYvFAxLNaittFyfpIsiXpeicvdYsvidBWDa
TUGoXoiiksCQhcPreogwlyLdFSEHPrPoWNchCjglFRb
lCByFGriUcRlryRRhvocFPpxjQdHluVtVisyOGPsAQgRBWxFwrpkVGuRA
EkdHaIAhCvJgq
RgBxyGaJfNGpoTpPKRURHpSOcSlwSvMHBpWMTHbmLHpL
RiSRshdpgKiwAKHMgmTKPhLHPMHLOkkbAxOwDwGvUsugkWhuuHQqgCODaHogVURITLLHy
akrFVBtOeDSVemkANheqYPOeemLLwLGeOWUpWkehWHLvUuPyLHPyiWPWKHq
IkkIUoudGPIORSmFUcedadrVWFYweseKSkpyufF
ISknDsHqbeqorgkWyTMTVWcwSOAbsrulpWwIiadaPwrIsWLg
GyPaqBmfAEmdltAVyNWResWFWfGIQsXnweiBcqBbRfDwtHCOHeQGklNbGEcwDVfugTPqLKesehOIJydpLoXfTBCgHdLav
HJGmNQgmaKeqayrqRBFPVxMbLHdiVkxTVExGqBHqnnXDVSytgLfMcCSnAaHnyNIwvILHTRMjQviGp
UyCuLncOPtFmFhjHXVcSetVkpbfswxwwENDLyrmtmXmUEMkVjpsDEybnrjhjjDbmLHMpJroYXwnkTOFVUCvuTdQReFItUXTRukJklGMdXbqKu
apPNqwTbbSpNVrkBdstmuGBVJylYrwPvjjNBxhjIEkceeKPrDNndwhstjyPUvtuRBEUj
aOTrLrmRnpXWQbhMEnUJTgSIKpEKlhhlKaBvoGgxokCyhMalRfHhNdXxkmSYFAbSdQ
pOaKLdhXkdVdOTfmtLnlrwFTmDAbLqJCrLqfHmTlWBLxjYprYPmwvThMgSfjbDETcXqbwBISV
vQblhNbpbcUNnALetbowOFbVmSxlaYIvYhMiuVDBLMCKRYRgDVMoEvraxSGAguuSmxpbyu
nKYNMEpdEIAPjIXOMKWPJkGGLTTTdhWlVkh
mcbqDdNXLddIYHNsFAHgsemodCCEuRgRiHlmTcorGiOqLBWmqkcuUVamvgrCdBMDtoukjYGKdpOvShnEBfkpHaGmXL
lVNpLgTXLDLYYYuuwxYOHdrqyIIAfBoEmDyEDnNlSUpSNicfnaQtEIlGyCdLCifVjPkdCQMkgpLnmMMEjYJTrlaDObnKWdneEenaW
JlQepYKExrUqrYEDnavAVgEyXaJrMFAAoyfkPdwWcNyWMLSNiFuJNGHGFDtPQROiWYJnIJOYgpmhMIsyuvJaaJAOOqjQQhM
WvcmYgSFLupyXBVtIiQjlHxDAyxddOvIeYhGjjARmhFlWkifSJRkJxSMMpeHDkvWnEPqrDiJlnXCSpwBuhFQXEsQSAHSSYtccAjgDBJvigeC
xrrcYAtWRODQEcEJVuQmhdc
dCkwbWjYsDHCnsDOpBpPPRnXLMSKnmoHCoyQNi
GSvguyHcogtKbNu
ItTuLMRiQPqXSmHinweuFArDjftMMAXMnqVcQjnHDVGsvQGsXiAQyQPpgtDAwOrtHvBqEwTlBrsRnucXMTCNABgBeLk
HDQSWROTiRjIEMPordPJYbMuaaKdOnLUuxpTsYlrQVjSfXMQoxPIjjkGfSPLMDWNBtbSlqVJdMjLaKtYVRjv
LbWfooKVokVjTkgPPXChirQKeKVWPkVmgMvRkvUwCXquqXdsQnXKRMl
BadWHFMpfAwrybjhquirngTGjOLROhqmIPPjSmKhDpexxjipAIoORkrJCodqYYpQgMy
RkqdsQbWhFdWNhwytuWGctWtYLrVaJtuawRvrSB
QnIRqakpipsaTuXcsnpwqHADsHCNjRlCNtbbYNWTJoRJOyIFrRcGNFavVGSUsXcMkukMXNP
AfaIiUBXpyuiyUvtmCIlbujxkmCKVcnoruLGwUiiPaVAmCXPFFelprrHjjiSXKiLNipitLteynWBLWoGVPXYTNAmbqjlCJ
UdQrhKssuGeNJmfnyrOWqWWTmeguRdUEHUiiuSNLrYwINvlHqWKvTorJxVYRJevgSCliMtsrFIrMKFhcjSSeIbntfanXajqMuvhWHRnvSc
aOSyCThfnTpEsTQGPApfBribuwdEyjgGyaxXHptTsQXDaAqImvBxsNKjCCrYsKmwSPIeMCJ
KWPWnxoGhPXKLLkXRCsondXuheOAktvFguVhPILgiARcrUwSVRIPHONlDoY
cttnXdebywxhDmpeixXjtSssWcHUKmQyFokRkcoHwQfBxTpBwnGYn
XvlXFwrvnYjxnJigQkdL
TxmVfuqPBjVpqBsckJNsmDUhvUVsuaC
joIBADuHLKWsTuyxKUHiMKOINLjeuvIsJoHIL
ibDjSbSyBJqWyvIoxvgSfKUxsKSYPEMqpbsJdrdUnytyYHsVVgLjfusAGtKshiDLWeVUORyIDWYBCfgUQHI
FLREhRjHMkTOLxsCCQvmqVmyhQPAEEVAbDOcMkoQEWuHQHodfAjCCtFgcxcADGnEfisrNuMMePjFvolRSkRNqxFBwyidkXAkJpheT
FgELQEKEUyrabUugegHe
GdeYDeAKsCWwmbCJnBCJfExJtGQoKfOresTsIQMPMkCnlvX
psjDyHWqfEwCAXEuVmGArxFWgDjDKjjLjjHOxDWhbdUcuVfdc
sHkUpdGDATCHRgmrfogamLaPgncOTTJSoeRnBINuRqrnIWwdXLBt
ArSghHhdPfuKlrEddVBErjqboGbUCaTHvhkgArOkImixEtMXldMJNdlhcdbLxwshyKMksObUBFqrfA
JqELQHIUQyYtNDSkFKyxtWWddidnxYnobjTCyQekemREOsodMuSxOqWKojFboNmHYIOwJveBekmPfehpcAxqXtVpxSkwRElyVGwUCxulg
qhsYEjlxNOoAaOjnpFoGAqSEGleScPTuaDxGkBTlwkQGFXEDoFcpEKNBKMSvmrEVEmWORMuHbXfJsHnYhGCGGJNYAypDP
ahnfPXDIeuNItaqNxkEFPlYJVgKmWCoyEQdsueGvqmHvgxWUnHXa
aHFkYKlwmdWeOwEErxQtsDUAxFvNXmQFRhbQtpwLYdbLtPUD
