8
2
1
6
120
5025000000
50
42
251250000000
1
540974149875309150
1000000000000000000
999999000000000000
1000000000000000000
999996000003000000
37040370459260
444445555556
1000100000000
1000200010000
999900000000
1
1
821595067700400
7250580779648149
5081000961597840
145045169133102
302062187173952
9996502351557447
12857677898465963
427693170156640
1633415415004970
26294515330164544
29810031851367496
28425961712082871
1002820000
288
16384
144
1000000000000000000
1000000
2000000000
1999998000000
2
999
1000
37040370459260
46246
