4 3 2 1
4 1 2 3
2 35 44 51 56 83 11 84 6 80 98 42 40 62 95 87 5 18 43 37 54 55 75 23 65 72 63 76 81 67 100 90 17 7 9 13 57 16 39 97 36 59 71 19 28 31 93 99 29 47 15 88 38 4 52 96 3 77 64 69 8 10 85 41 48 92 68 20 53 30 86 94 14 22 73 21 26 61 66 70 82 24 1 45 33 27 49 50 34 58 60 25 79 32 46 78 89 91 74 12
19 36 42 65 68 75 82 86 92 11 7 78 23 39 72 67 22 27 38 84 74 95 18 96 44 47 76 21 14 54 51 20 24 3 10 9 15 33 57 62 28 43 2 34 40 77 85 53 64 12 61 97 13 17 50 16 56 81 70 80 58 66 91 87 90 41 25 69 5 94 83 100 8 30 52 79 32 29 71 93 46 26 89 45 4 48 88 31 49 1 35 55 60 63 99 73 59 6 37 98
34 38 96 98 51 60 73 74 89 99 56 39 3 59 71 81 83 91 14 70 94 97 13 85 36 93 67 44 75 87 46 17 68 4 26 40 79 28 63 42 23 48 9 80 32 27 65 69 15 19 78 47 52 57 21 30 72 1 5 6 31 54 66 18 11 37 76 77 86 95 50 55 10 45 64 29 7 22 20 88 90 2 61 100 16 43 53 92 82 8 49 12 41 33 58 24 35 25 62 84
19 25 68 69 59 71 76 93 94 10 34 55 70 73 45 4 99 100 39 38 84 65 64 42 80 54 87 16 58 3 12 88 1 28 51 23 61 81 86 74 89 30 31 18 90 95 9 26 14 46 5 53 52 63 91 82 33 60 78 79 11 98 2 77 96 6 15 44 49 21 22 24 27 32 43 56 50 62 83 41 57 8 92 37 75 66 97 67 48 20 17 47 35 36 7 72 85 13 40 29
11 40 30 43 74 19 37 45 53 70 82 8 46 83 31 60 20 32 6 71 76 79 34 86 90 89 52 85 61 36 68 81 94 26 54 58 18 66 77 98 69 78 16 15 87 95 14 28 39 41 59 47 3 57 73 80 91 92 49 62 93 56 10 29 64 50 72 7 25 33 1 5 24 22 65 67 48 35 38 27 100 23 12 42 84 13 99 96 9 44 55 2 51 4 17 63 21 88 97 75
5 9 16 19 29 31 62 87 92 42 97 100 67 89 20 6 85 71 14 34 2 64 84 95 30 43 69 21 82 98 99 18 44 1 83 37 46 77 94 22 56 11 90 35 49 59 10 26 73 93 96 24 60 45 28 61 36 68 70 79 33 23 72 52 38 15 27 32 50 74 63 75 17 48 12 76 78 8 4 58 81 91 39 54 7 13 47 51 55 41 80 3 40 57 65 66 53 25 86 88
55 64 9 34 79 89 100 51 16 61 90 69 74 26 68 35 50 39 56 95 11 98 80 15 85 45 14 62 7 76 82 23 63 83 6 24 81 43 71 5 12 40 78 86 42 88 96 58 27 37 49 72 75 10 84 36 67 44 94 48 60 54 91 65 73 22 3 47 13 31 59 33 70 92 8 41 32 30 53 38 52 4 29 46 93 17 97 28 2 57 19 87 66 18 21 25 20 1 99 77
15 16 31 40 42 43 92 96 79 44 56 99 3 47 63 38 7 30 81 26 72 49 94 17 29 39 55 61 11 45 77 83 50 93 95 71 46 59 78 9 21 62 5 97 80 87 60 90 91 36 28 10 51 54 4 20 64 23 65 88 66 70 85 68 18 75 8 35 19 27 2 22 53 84 89 48 82 98 86 67 13 33 52 76 6 37 74 14 41 1 58 24 73 32 57 100 25 69 12 34
11 9 10 18 12 25 54 60 66 72 13 5 38 99 28 47 56 7 50 2 8 1 40 51 73 46 17 63 19 15 42 93 79 32 100 43 77 20 35 64 65 6 91 97 29 74 90 53 55 82 52 96 31 41 67 71 75 36 48 76 86 92 27 98 45 70 88 34 69 58 81 78 85 44 83 23 24 59 14 84 4 37 95 80 21 39 89 22 49 87 30 33 57 26 61 94 16 68 62 3
20 13 69 75 91 96 4 99 85 51 41 12 15 34 79 92 94 3 57 61 83 47 52 45 98 22 59 6 23 31 65 42 80 39 24 64 10 35 2 74 87 37 53 67 68 76 44 48 40 21 38 78 9 93 1 89 16 63 5 71 27 54 8 97 11 28 46 60 70 62 73 43 26 84 14 77 72 29 58 50 82 90 7 19 86 33 30 49 18 36 55 56 17 95 25 66 100 32 81 88
3 23 17 19 40 41 74 82 31 9 10 63 57 67 76 43 34 86 93 32 42 6 48 53 62 68 85 38 18 28 97 100 25 50 61 77 88 60 8 71 78 7 83 75 4 37 72 90 12 44 94 99 24 51 70 91 21 1 59 64 2 39 95 96 22 33 52 11 79 30 46 92 5 16 65 35 27 13 49 81 26 56 89 20 55 36 14 54 15 66 73 80 98 47 84 29 58 45 87 69
1 13 23 73 57 74 51 89 7 69 19 47 76 85 14 46 50 78 27 34 40 71 2 81 53 20 41 11 24 72 100 9 18 63 96 56 84 22 95 48 21 58 64 88 6 5 12 29 33 36 35 37 42 83 90 4 68 87 39 91 67 15 32 82 93 28 99 25 3 44 17 31 54 8 80 45 59 61 70 79 52 92 10 66 65 26 30 49 86 55 60 75 97 94 16 98 43 62 77 38
19 43 44 50 68 70 81 34 88 48 90 91 92 7 71 77 32 84 97 1 54 53 11 57 56 67 17 65 23 62 16 21 36 39 2 80 26 9 3 4 47 75 27 82 95 100 13 59 31 96 30 18 60 12 22 64 28 72 86 8 40 25 20 79 49 76 85 29 51 41 74 89 99 45 66 10 33 6 52 69 83 93 61 14 35 37 15 5 46 63 78 87 98 58 73 94 55 38 24 42
26 35 60 61 41 70 71 83 29 57 86 39 15 40 4 22 66 63 95 65 12 69 2 47 89 20 100 9 13 31 33 43 53 55 82 37 28 38 46 97 76 36 32 84 1 91 7 75 88 93 62 87 18 19 27 51 11 34 64 68 90 92 14 17 21 45 67 77 24 50 8 48 56 79 42 73 30 81 99 74 6 3 78 72 85 96 49 44 10 58 80 98 5 52 25 94 59 23 54 16
7 33 9 42 44 52 54 70 75 79 90 95 14 97 45 89 13 66 73 39 23 48 59 81 24 26 30 22 77 83 86 40 56 87 5 3 94 6 31 36 67 21 41 47 25 35 63 69 78 91 16 19 50 10 57 8 27 53 28 80 82 32 18 51 2 58 84 98 15 17 1 29 65 72 92 93 74 34 61 55 11 12 43 76 88 99 68 85 96 64 37 38 60 100 20 62 46 4 49 71
10 67 70 74 63 84 98 100 62 66 57 89 94 8 15 22 52 79 86 5 82 43 87 36 54 88 42 40 44 50 71 59 75 21 56 65 13 26 48 45 85 96 25 24 41 68 3 47 80 38 33 53 83 1 20 64 17 28 93 18 77 81 97 49 12 19 32 4 11 58 72 23 73 39 99 55 16 37 60 78 30 6 34 27 14 51 9 35 76 31 92 95 61 46 90 2 69 29 91 7
14 32 50 66 78 79 82 87 99 100 60 39 80 29 98 45 26 16 22 23 44 58 7 73 2 67 75 86 93 49 6 24 4 1 30 3 48 8 19 28 57 70 74 84 94 96 47 91 21 36 10 52 40 72 95 18 11 15 27 9 54 63 25 85 12 38 97 89 55 81 88 42 37 68 76 46 77 53 90 20 41 61 62 43 59 17 64 51 83 33 56 69 13 34 71 5 35 31 65 92
24 25 26 29 35 46 66 37 85 89 6 14 18 8 22 42 49 69 93 99 64 82 88 39 57 7 94 95 52 61 67 47 5 62 65 53 76 92 28 98 33 80 17 30 48 12 75 44 84 41 90 34 11 27 70 68 71 60 91 23 9 31 2 56 59 72 83 73 32 63 97 20 50 86 55 3 79 4 13 45 43 100 10 21 51 38 16 40 78 87 19 15 74 81 96 1 36 54 58 77
10 43 48 39 53 66 69 62 73 80 89 92 95 22 3 32 59 8 94 38 63 76 33 41 54 79 44 61 71 88 13 97 24 27 55 56 65 26 28 36 16 21 6 2 60 23 42 47 51 57 70 83 96 29 34 91 9 31 35 67 7 5 40 64 50 1 45 37 84 52 11 12 4 30 75 15 20 72 82 19 46 85 58 25 68 98 93 99 49 81 90 17 14 78 74 18 86 87 100 77
35 46 51 7 24 18 77 83 11 43 59 54 41 6 36 29 84 32 34 56 47 93 98 2 15 67 69 86 94 50 74 91 96 25 100 65 4 42 76 10 38 3 22 73 13 31 16 57 61 70 71 89 63 53 30 87 95 62 12 80 78 79 21 9 14 66 92 33 55 68 40 85 64 44 8 48 20 52 88 49 75 23 28 99 45 72 39 97 1 17 37 60 19 27 5 82 90 26 81 58

