0 0 0 0 0
0 0 0 0 0
0 0 0 0 0
0 0 0 0 0
0 0 0 0 0
0 0 0 0 0
0 0 0 0 0
0 0 0 0 0
0 0 0 0 0
0 0 0 0 0
0 0 0 0 0
0 0 0 0 0
0 0 0 0 0
0 0 0 0 0
0 0 0 0 0
0 0 0 0 0
0 0 0 0 0
0 0 0 0 0
0 0 0 0 0
0 0 0 0 0
0 0 0 0 0
0 0 0 0 0
0 0 0 0 0
0 0 0 0 0
0 98 0 0 0
10 19 12 10 0
12 8 15 15 0
11 14 14 12 0
11 13 14 10 0
15 11 6 10 0
12 7 7 7 0
16 7 11 13 0
13 14 12 14 0
15 10 8 10 0
13 8 11 14 0
13 18 9 11 0
13 12 9 13 0
12 5 7 8 0
15 12 11 16 0
15 6 10 14 0
15 10 11 12 0
12 10 12 12 0
11 16 11 11 0
12 14 14 14 0
8 15 18 11 0
16 4 9 15 0
11 8 15 12 0
13 7 10 14 0
11 11 18 13 0
13 20 9 9 0
5 3 4 3 1
3 1 5 3 4
5 3 3 2 0
5 0 2 3 3
2 3 3 2 3
5 1 4 3 1
2 4 5 2 5
1 1 0 0 6
6 4 5 4 2
2 2 4 4 4
4 4 2 2 5
5 7 6 6 2
6 4 1 4 3
5 4 5 4 3
4 6 6 5 0
5 2 5 3 1
5 7 7 7 2
0 1 6 3 7
2 3 3 3 6
4 4 4 3 3
6 1 6 6 3
2 2 6 6 4
1 2 5 4 5
2 2 6 3 5
3 2 4 4 5
4 1 4 4 4
5 2 1 5 5
3 2 1 3 5
3 3 5 6 5
5 5 3 2 3
3 6 0 2 3
4 2 4 4 4
5 1 6 5 4
3 2 4 5 3
3 4 8 7 1
6 3 2 5 3
4 4 4 4 4
4 1 3 1 2
8 1 1 4 5
5 1 5 1 3
4 5 4 4 4
5 2 3 4 3
3 3 5 6 2
2 5 6 5 3
4 2 7 7 4
3 5 1 3 2
4 3 1 3 2
4 4 1 2 2
2 3 4 0 1
4 5 3 3 6

