2045
-4474
-1198
-3134
-2084
-7553
-1129
545
-8178
1384
-3681
-6142
-2624
-6765
-5524
-3661
-5800
-6426
-7235
-4859
-2648
-2818
-4601
-3826
-571
7832
6148
7334
9349
9150
6527
8100
7818
7656
6739
6436
7944
8710
8339
6790
6660
8739
8033
7447
8554
9749
8569
9700
7465
7474
768
35000
1836
6272
1152
27136
16
2349
87846
59895
54571
23328
2646
28126
7290
34816
12250
29841
875
4320
783
43923
5324
71000
3087
54571
12125
6517
1269
7546
80000
65000
336
752
7560
5400
45056
1188
9604
30720
891
38000
55404
2025
20237
21870
4500
19000
1188
38599

